{"C:\\Packsys\\NetBeansProjects\\graphql\\src\\RequestedFields.ts": {"path":"C:\\Packsys\\NetBeansProjects\\graphql\\src\\RequestedFields.ts","statementMap":{"0":{"start":{"line":2,"column":22},"end":{"line":2,"column":47}},"1":{"start":{"line":3,"column":0},"end":{"line":3,"column":54}},"2":{"start":{"line":8,"column":21},"end":{"line":8,"column":53}},"3":{"start":{"line":9,"column":8},"end":{"line":9,"column":null}},"4":{"start":{"line":9,"column":33},"end":{"line":9,"column":45}},"5":{"start":{"line":11,"column":8},"end":{"line":11,"column":36}},"6":{"start":{"line":11,"column":22},"end":{"line":11,"column":36}},"7":{"start":{"line":12,"column":8},"end":{"line":12,"column":null}},"8":{"start":{"line":13,"column":8},"end":{"line":15,"column":21}},"9":{"start":{"line":19,"column":30},"end":{"line":19,"column":81}},"10":{"start":{"line":20,"column":21},"end":{"line":20,"column":47}},"11":{"start":{"line":21,"column":20},"end":{"line":21,"column":29}},"12":{"start":{"line":24,"column":8},"end":{"line":30,"column":null}},"13":{"start":{"line":25,"column":12},"end":{"line":25,"column":null}},"14":{"start":{"line":26,"column":12},"end":{"line":26,"column":null}},"15":{"start":{"line":26,"column":37},"end":{"line":26,"column":49}},"16":{"start":{"line":27,"column":12},"end":{"line":27,"column":null}},"17":{"start":{"line":28,"column":12},"end":{"line":28,"column":96}},"18":{"start":{"line":29,"column":12},"end":{"line":29,"column":null}},"19":{"start":{"line":31,"column":8},"end":{"line":31,"column":19}},"20":{"start":{"line":5,"column":0},"end":{"line":5,"column":13}}},"fnMap":{"0":{"name":"(anonymous_0)","decl":{"start":{"line":7,"column":4},"end":{"line":7,"column":13}},"loc":{"start":{"line":7,"column":27},"end":{"line":16,"column":5}}},"1":{"name":"(anonymous_1)","decl":{"start":{"line":9,"column":28},"end":{"line":9,"column":29}},"loc":{"start":{"line":9,"column":33},"end":{"line":9,"column":45}}},"2":{"name":"(anonymous_2)","decl":{"start":{"line":18,"column":4},"end":{"line":18,"column":26}},"loc":{"start":{"line":18,"column":40},"end":{"line":32,"column":5}}},"3":{"name":"(anonymous_3)","decl":{"start":{"line":24,"column":21},"end":{"line":24,"column":22}},"loc":{"start":{"line":24,"column":25},"end":{"line":30,"column":9}}},"4":{"name":"(anonymous_4)","decl":{"start":{"line":26,"column":32},"end":{"line":26,"column":33}},"loc":{"start":{"line":26,"column":37},"end":{"line":26,"column":49}}}},"branchMap":{"0":{"loc":{"start":{"line":11,"column":8},"end":{"line":11,"column":36}},"type":"if","locations":[{"start":{"line":11,"column":8},"end":{"line":11,"column":36}}]},"1":{"loc":{"start":{"line":12,"column":17},"end":{"line":12,"column":69}},"type":"cond-expr","locations":[{"start":{"line":12,"column":34},"end":{"line":12,"column":60}},{"start":{"line":12,"column":63},"end":{"line":12,"column":69}}]},"2":{"loc":{"start":{"line":13,"column":15},"end":{"line":15,"column":20}},"type":"cond-expr","locations":[{"start":{"line":14,"column":14},"end":{"line":14,"column":49}},{"start":{"line":15,"column":14},"end":{"line":15,"column":20}}]},"3":{"loc":{"start":{"line":27,"column":26},"end":{"line":27,"column":78}},"type":"cond-expr","locations":[{"start":{"line":27,"column":43},"end":{"line":27,"column":69}},{"start":{"line":27,"column":72},"end":{"line":27,"column":78}}]},"4":{"loc":{"start":{"line":28,"column":26},"end":{"line":28,"column":95}},"type":"cond-expr","locations":[{"start":{"line":28,"column":46},"end":{"line":28,"column":81}},{"start":{"line":28,"column":84},"end":{"line":28,"column":95}}]}},"s":{"0":8,"1":8,"2":81,"3":81,"4":110,"5":81,"6":1,"7":80,"8":80,"9":43,"10":43,"11":43,"12":43,"13":64,"14":64,"15":19,"16":64,"17":64,"18":64,"19":43,"20":8},"f":{"0":81,"1":110,"2":43,"3":64,"4":19},"b":{"0":[1],"1":[80,0],"2":[79,1],"3":[64,0],"4":[64,0]}}
,"C:\\Packsys\\NetBeansProjects\\graphql\\src\\dataloader.ts": {"path":"C:\\Packsys\\NetBeansProjects\\graphql\\src\\dataloader.ts","statementMap":{"0":{"start":{"line":1,"column":0},"end":{"line":1,"column":36}},"1":{"start":{"line":6,"column":20},"end":{"line":6,"column":42}},"2":{"start":{"line":6,"column":36},"end":{"line":6,"column":41}},"3":{"start":{"line":7,"column":21},"end":{"line":7,"column":35}},"4":{"start":{"line":8,"column":23},"end":{"line":8,"column":85}},"5":{"start":{"line":10,"column":24},"end":{"line":13,"column":10}},"6":{"start":{"line":15,"column":27},"end":{"line":15,"column":36}},"7":{"start":{"line":16,"column":8},"end":{"line":16,"column":69}},"8":{"start":{"line":16,"column":34},"end":{"line":16,"column":67}},"9":{"start":{"line":18,"column":8},"end":{"line":18,"column":51}},"10":{"start":{"line":18,"column":29},"end":{"line":18,"column":49}},"11":{"start":{"line":4,"column":0},"end":{"line":4,"column":13}},"12":{"start":{"line":24,"column":20},"end":{"line":24,"column":42}},"13":{"start":{"line":24,"column":36},"end":{"line":24,"column":41}},"14":{"start":{"line":25,"column":21},"end":{"line":25,"column":35}},"15":{"start":{"line":26,"column":23},"end":{"line":26,"column":96}},"16":{"start":{"line":28,"column":25},"end":{"line":31,"column":10}},"17":{"start":{"line":33,"column":28},"end":{"line":33,"column":37}},"18":{"start":{"line":34,"column":8},"end":{"line":39,"column":11}},"19":{"start":{"line":35,"column":12},"end":{"line":37,"column":13}},"20":{"start":{"line":36,"column":16},"end":{"line":36,"column":53}},"21":{"start":{"line":38,"column":12},"end":{"line":38,"column":59}},"22":{"start":{"line":41,"column":8},"end":{"line":41,"column":56}},"23":{"start":{"line":41,"column":29},"end":{"line":41,"column":54}},"24":{"start":{"line":45,"column":20},"end":{"line":45,"column":42}},"25":{"start":{"line":45,"column":36},"end":{"line":45,"column":41}},"26":{"start":{"line":46,"column":21},"end":{"line":46,"column":35}},"27":{"start":{"line":47,"column":23},"end":{"line":47,"column":85}},"28":{"start":{"line":49,"column":25},"end":{"line":52,"column":10}},"29":{"start":{"line":54,"column":28},"end":{"line":54,"column":37}},"30":{"start":{"line":55,"column":8},"end":{"line":55,"column":74}},"31":{"start":{"line":55,"column":36},"end":{"line":55,"column":72}},"32":{"start":{"line":57,"column":8},"end":{"line":57,"column":52}},"33":{"start":{"line":57,"column":29},"end":{"line":57,"column":50}},"34":{"start":{"line":61,"column":20},"end":{"line":61,"column":42}},"35":{"start":{"line":61,"column":36},"end":{"line":61,"column":41}},"36":{"start":{"line":62,"column":25},"end":{"line":65,"column":10}},"37":{"start":{"line":67,"column":28},"end":{"line":67,"column":37}},"38":{"start":{"line":68,"column":8},"end":{"line":68,"column":74}},"39":{"start":{"line":68,"column":36},"end":{"line":68,"column":72}},"40":{"start":{"line":70,"column":8},"end":{"line":70,"column":52}},"41":{"start":{"line":70,"column":29},"end":{"line":70,"column":50}},"42":{"start":{"line":22,"column":0},"end":{"line":22,"column":13}},"43":{"start":{"line":76,"column":20},"end":{"line":76,"column":42}},"44":{"start":{"line":76,"column":36},"end":{"line":76,"column":41}},"45":{"start":{"line":77,"column":21},"end":{"line":77,"column":35}},"46":{"start":{"line":78,"column":23},"end":{"line":78,"column":98}},"47":{"start":{"line":80,"column":23},"end":{"line":83,"column":10}},"48":{"start":{"line":85,"column":26},"end":{"line":85,"column":35}},"49":{"start":{"line":86,"column":8},"end":{"line":91,"column":11}},"50":{"start":{"line":87,"column":12},"end":{"line":89,"column":13}},"51":{"start":{"line":88,"column":16},"end":{"line":88,"column":51}},"52":{"start":{"line":90,"column":12},"end":{"line":90,"column":55}},"53":{"start":{"line":93,"column":8},"end":{"line":93,"column":54}},"54":{"start":{"line":93,"column":29},"end":{"line":93,"column":52}},"55":{"start":{"line":74,"column":0},"end":{"line":74,"column":13}},"56":{"start":{"line":99,"column":20},"end":{"line":99,"column":42}},"57":{"start":{"line":99,"column":36},"end":{"line":99,"column":41}},"58":{"start":{"line":100,"column":21},"end":{"line":100,"column":35}},"59":{"start":{"line":101,"column":23},"end":{"line":101,"column":96}},"60":{"start":{"line":103,"column":25},"end":{"line":106,"column":10}},"61":{"start":{"line":108,"column":28},"end":{"line":108,"column":37}},"62":{"start":{"line":109,"column":8},"end":{"line":114,"column":11}},"63":{"start":{"line":110,"column":12},"end":{"line":112,"column":13}},"64":{"start":{"line":111,"column":16},"end":{"line":111,"column":53}},"65":{"start":{"line":113,"column":12},"end":{"line":113,"column":59}},"66":{"start":{"line":116,"column":8},"end":{"line":116,"column":56}},"67":{"start":{"line":116,"column":29},"end":{"line":116,"column":54}},"68":{"start":{"line":97,"column":0},"end":{"line":97,"column":13}},"69":{"start":{"line":122,"column":20},"end":{"line":122,"column":42}},"70":{"start":{"line":122,"column":36},"end":{"line":122,"column":41}},"71":{"start":{"line":123,"column":21},"end":{"line":123,"column":35}},"72":{"start":{"line":124,"column":23},"end":{"line":124,"column":96}},"73":{"start":{"line":126,"column":21},"end":{"line":129,"column":10}},"74":{"start":{"line":131,"column":24},"end":{"line":131,"column":33}},"75":{"start":{"line":132,"column":8},"end":{"line":137,"column":11}},"76":{"start":{"line":133,"column":12},"end":{"line":135,"column":13}},"77":{"start":{"line":134,"column":16},"end":{"line":134,"column":45}},"78":{"start":{"line":136,"column":12},"end":{"line":136,"column":47}},"79":{"start":{"line":139,"column":8},"end":{"line":139,"column":52}},"80":{"start":{"line":139,"column":29},"end":{"line":139,"column":50}},"81":{"start":{"line":120,"column":0},"end":{"line":120,"column":13}},"82":{"start":{"line":145,"column":20},"end":{"line":145,"column":42}},"83":{"start":{"line":145,"column":36},"end":{"line":145,"column":41}},"84":{"start":{"line":146,"column":21},"end":{"line":146,"column":35}},"85":{"start":{"line":147,"column":23},"end":{"line":147,"column":96}},"86":{"start":{"line":149,"column":27},"end":{"line":152,"column":10}},"87":{"start":{"line":154,"column":30},"end":{"line":154,"column":39}},"88":{"start":{"line":155,"column":8},"end":{"line":160,"column":11}},"89":{"start":{"line":156,"column":12},"end":{"line":158,"column":13}},"90":{"start":{"line":157,"column":16},"end":{"line":157,"column":56}},"91":{"start":{"line":159,"column":12},"end":{"line":159,"column":63}},"92":{"start":{"line":162,"column":8},"end":{"line":162,"column":58}},"93":{"start":{"line":162,"column":29},"end":{"line":162,"column":56}},"94":{"start":{"line":143,"column":0},"end":{"line":143,"column":13}},"95":{"start":{"line":168,"column":20},"end":{"line":168,"column":42}},"96":{"start":{"line":168,"column":36},"end":{"line":168,"column":41}},"97":{"start":{"line":169,"column":21},"end":{"line":169,"column":35}},"98":{"start":{"line":170,"column":23},"end":{"line":170,"column":85}},"99":{"start":{"line":172,"column":22},"end":{"line":175,"column":10}},"100":{"start":{"line":177,"column":25},"end":{"line":177,"column":34}},"101":{"start":{"line":178,"column":8},"end":{"line":178,"column":59}},"102":{"start":{"line":178,"column":30},"end":{"line":178,"column":57}},"103":{"start":{"line":180,"column":8},"end":{"line":180,"column":49}},"104":{"start":{"line":180,"column":29},"end":{"line":180,"column":47}},"105":{"start":{"line":166,"column":0},"end":{"line":166,"column":13}},"106":{"start":{"line":186,"column":20},"end":{"line":186,"column":42}},"107":{"start":{"line":186,"column":36},"end":{"line":186,"column":41}},"108":{"start":{"line":187,"column":21},"end":{"line":187,"column":35}},"109":{"start":{"line":188,"column":23},"end":{"line":188,"column":85}},"110":{"start":{"line":190,"column":22},"end":{"line":193,"column":10}},"111":{"start":{"line":195,"column":25},"end":{"line":195,"column":34}},"112":{"start":{"line":196,"column":8},"end":{"line":196,"column":59}},"113":{"start":{"line":196,"column":30},"end":{"line":196,"column":57}},"114":{"start":{"line":198,"column":8},"end":{"line":198,"column":49}},"115":{"start":{"line":198,"column":29},"end":{"line":198,"column":47}},"116":{"start":{"line":184,"column":0},"end":{"line":184,"column":13}},"117":{"start":{"line":204,"column":20},"end":{"line":204,"column":42}},"118":{"start":{"line":204,"column":36},"end":{"line":204,"column":41}},"119":{"start":{"line":205,"column":21},"end":{"line":205,"column":35}},"120":{"start":{"line":206,"column":23},"end":{"line":206,"column":99}},"121":{"start":{"line":208,"column":23},"end":{"line":211,"column":10}},"122":{"start":{"line":213,"column":26},"end":{"line":213,"column":35}},"123":{"start":{"line":214,"column":8},"end":{"line":219,"column":11}},"124":{"start":{"line":215,"column":12},"end":{"line":217,"column":13}},"125":{"start":{"line":216,"column":16},"end":{"line":216,"column":52}},"126":{"start":{"line":218,"column":12},"end":{"line":218,"column":56}},"127":{"start":{"line":221,"column":8},"end":{"line":221,"column":54}},"128":{"start":{"line":221,"column":29},"end":{"line":221,"column":52}},"129":{"start":{"line":202,"column":0},"end":{"line":202,"column":13}},"130":{"start":{"line":227,"column":20},"end":{"line":227,"column":42}},"131":{"start":{"line":227,"column":36},"end":{"line":227,"column":41}},"132":{"start":{"line":228,"column":21},"end":{"line":228,"column":35}},"133":{"start":{"line":229,"column":23},"end":{"line":229,"column":85}},"134":{"start":{"line":231,"column":22},"end":{"line":234,"column":10}},"135":{"start":{"line":236,"column":25},"end":{"line":236,"column":34}},"136":{"start":{"line":237,"column":8},"end":{"line":237,"column":59}},"137":{"start":{"line":237,"column":30},"end":{"line":237,"column":57}},"138":{"start":{"line":239,"column":8},"end":{"line":239,"column":49}},"139":{"start":{"line":239,"column":29},"end":{"line":239,"column":47}},"140":{"start":{"line":225,"column":0},"end":{"line":225,"column":13}},"141":{"start":{"line":245,"column":20},"end":{"line":245,"column":42}},"142":{"start":{"line":245,"column":36},"end":{"line":245,"column":41}},"143":{"start":{"line":246,"column":21},"end":{"line":246,"column":35}},"144":{"start":{"line":247,"column":23},"end":{"line":247,"column":85}},"145":{"start":{"line":249,"column":26},"end":{"line":252,"column":10}},"146":{"start":{"line":254,"column":29},"end":{"line":254,"column":38}},"147":{"start":{"line":255,"column":8},"end":{"line":255,"column":76}},"148":{"start":{"line":255,"column":37},"end":{"line":255,"column":74}},"149":{"start":{"line":257,"column":8},"end":{"line":257,"column":53}},"150":{"start":{"line":257,"column":29},"end":{"line":257,"column":51}},"151":{"start":{"line":243,"column":0},"end":{"line":243,"column":13}},"152":{"start":{"line":263,"column":20},"end":{"line":263,"column":42}},"153":{"start":{"line":263,"column":36},"end":{"line":263,"column":41}},"154":{"start":{"line":264,"column":21},"end":{"line":264,"column":35}},"155":{"start":{"line":265,"column":23},"end":{"line":265,"column":85}},"156":{"start":{"line":267,"column":27},"end":{"line":270,"column":10}},"157":{"start":{"line":272,"column":30},"end":{"line":272,"column":39}},"158":{"start":{"line":273,"column":8},"end":{"line":273,"column":84}},"159":{"start":{"line":273,"column":40},"end":{"line":273,"column":82}},"160":{"start":{"line":275,"column":8},"end":{"line":275,"column":54}},"161":{"start":{"line":275,"column":29},"end":{"line":275,"column":52}},"162":{"start":{"line":279,"column":20},"end":{"line":279,"column":42}},"163":{"start":{"line":279,"column":36},"end":{"line":279,"column":41}},"164":{"start":{"line":280,"column":21},"end":{"line":280,"column":35}},"165":{"start":{"line":281,"column":23},"end":{"line":281,"column":101}},"166":{"start":{"line":283,"column":28},"end":{"line":286,"column":10}},"167":{"start":{"line":288,"column":31},"end":{"line":288,"column":40}},"168":{"start":{"line":289,"column":8},"end":{"line":294,"column":11}},"169":{"start":{"line":290,"column":12},"end":{"line":292,"column":13}},"170":{"start":{"line":291,"column":16},"end":{"line":291,"column":51}},"171":{"start":{"line":293,"column":12},"end":{"line":293,"column":53}},"172":{"start":{"line":296,"column":8},"end":{"line":296,"column":59}},"173":{"start":{"line":296,"column":29},"end":{"line":296,"column":57}},"174":{"start":{"line":300,"column":20},"end":{"line":300,"column":42}},"175":{"start":{"line":300,"column":36},"end":{"line":300,"column":41}},"176":{"start":{"line":301,"column":21},"end":{"line":301,"column":35}},"177":{"start":{"line":302,"column":23},"end":{"line":302,"column":101}},"178":{"start":{"line":304,"column":28},"end":{"line":307,"column":10}},"179":{"start":{"line":309,"column":31},"end":{"line":309,"column":40}},"180":{"start":{"line":310,"column":8},"end":{"line":315,"column":11}},"181":{"start":{"line":311,"column":12},"end":{"line":313,"column":13}},"182":{"start":{"line":312,"column":16},"end":{"line":312,"column":65}},"183":{"start":{"line":314,"column":12},"end":{"line":314,"column":67}},"184":{"start":{"line":317,"column":8},"end":{"line":317,"column":59}},"185":{"start":{"line":317,"column":29},"end":{"line":317,"column":57}},"186":{"start":{"line":261,"column":0},"end":{"line":261,"column":13}},"187":{"start":{"line":323,"column":20},"end":{"line":323,"column":42}},"188":{"start":{"line":323,"column":36},"end":{"line":323,"column":41}},"189":{"start":{"line":324,"column":21},"end":{"line":324,"column":35}},"190":{"start":{"line":325,"column":23},"end":{"line":325,"column":98}},"191":{"start":{"line":327,"column":23},"end":{"line":330,"column":10}},"192":{"start":{"line":332,"column":26},"end":{"line":332,"column":35}},"193":{"start":{"line":333,"column":8},"end":{"line":338,"column":11}},"194":{"start":{"line":334,"column":12},"end":{"line":336,"column":13}},"195":{"start":{"line":335,"column":16},"end":{"line":335,"column":51}},"196":{"start":{"line":337,"column":12},"end":{"line":337,"column":55}},"197":{"start":{"line":340,"column":8},"end":{"line":340,"column":54}},"198":{"start":{"line":340,"column":29},"end":{"line":340,"column":52}},"199":{"start":{"line":321,"column":0},"end":{"line":321,"column":13}},"200":{"start":{"line":346,"column":20},"end":{"line":346,"column":42}},"201":{"start":{"line":346,"column":36},"end":{"line":346,"column":41}},"202":{"start":{"line":347,"column":21},"end":{"line":347,"column":35}},"203":{"start":{"line":348,"column":23},"end":{"line":348,"column":85}},"204":{"start":{"line":350,"column":24},"end":{"line":353,"column":10}},"205":{"start":{"line":355,"column":27},"end":{"line":355,"column":36}},"206":{"start":{"line":356,"column":8},"end":{"line":356,"column":69}},"207":{"start":{"line":356,"column":34},"end":{"line":356,"column":67}},"208":{"start":{"line":358,"column":8},"end":{"line":358,"column":51}},"209":{"start":{"line":358,"column":29},"end":{"line":358,"column":49}},"210":{"start":{"line":344,"column":0},"end":{"line":344,"column":13}},"211":{"start":{"line":364,"column":20},"end":{"line":364,"column":42}},"212":{"start":{"line":364,"column":36},"end":{"line":364,"column":41}},"213":{"start":{"line":365,"column":21},"end":{"line":365,"column":35}},"214":{"start":{"line":366,"column":23},"end":{"line":366,"column":98}},"215":{"start":{"line":368,"column":27},"end":{"line":371,"column":10}},"216":{"start":{"line":373,"column":20},"end":{"line":373,"column":29}},"217":{"start":{"line":374,"column":8},"end":{"line":377,"column":11}},"218":{"start":{"line":375,"column":12},"end":{"line":375,"column":70}},"219":{"start":{"line":375,"column":42},"end":{"line":375,"column":70}},"220":{"start":{"line":376,"column":12},"end":{"line":376,"column":47}},"221":{"start":{"line":379,"column":8},"end":{"line":379,"column":48}},"222":{"start":{"line":379,"column":29},"end":{"line":379,"column":46}},"223":{"start":{"line":383,"column":20},"end":{"line":383,"column":42}},"224":{"start":{"line":383,"column":36},"end":{"line":383,"column":41}},"225":{"start":{"line":384,"column":21},"end":{"line":384,"column":35}},"226":{"start":{"line":385,"column":23},"end":{"line":385,"column":98}},"227":{"start":{"line":387,"column":28},"end":{"line":390,"column":10}},"228":{"start":{"line":392,"column":20},"end":{"line":392,"column":29}},"229":{"start":{"line":393,"column":8},"end":{"line":396,"column":11}},"230":{"start":{"line":394,"column":12},"end":{"line":394,"column":70}},"231":{"start":{"line":394,"column":42},"end":{"line":394,"column":70}},"232":{"start":{"line":395,"column":12},"end":{"line":395,"column":47}},"233":{"start":{"line":398,"column":8},"end":{"line":398,"column":48}},"234":{"start":{"line":398,"column":29},"end":{"line":398,"column":46}},"235":{"start":{"line":402,"column":20},"end":{"line":402,"column":42}},"236":{"start":{"line":402,"column":36},"end":{"line":402,"column":41}},"237":{"start":{"line":403,"column":21},"end":{"line":403,"column":35}},"238":{"start":{"line":404,"column":23},"end":{"line":404,"column":98}},"239":{"start":{"line":406,"column":23},"end":{"line":409,"column":10}},"240":{"start":{"line":411,"column":20},"end":{"line":411,"column":29}},"241":{"start":{"line":412,"column":8},"end":{"line":415,"column":11}},"242":{"start":{"line":413,"column":12},"end":{"line":413,"column":70}},"243":{"start":{"line":413,"column":42},"end":{"line":413,"column":70}},"244":{"start":{"line":414,"column":12},"end":{"line":414,"column":47}},"245":{"start":{"line":417,"column":8},"end":{"line":417,"column":48}},"246":{"start":{"line":417,"column":29},"end":{"line":417,"column":46}},"247":{"start":{"line":421,"column":20},"end":{"line":421,"column":42}},"248":{"start":{"line":421,"column":36},"end":{"line":421,"column":41}},"249":{"start":{"line":422,"column":21},"end":{"line":422,"column":35}},"250":{"start":{"line":423,"column":23},"end":{"line":423,"column":85}},"251":{"start":{"line":425,"column":24},"end":{"line":428,"column":10}},"252":{"start":{"line":430,"column":20},"end":{"line":430,"column":29}},"253":{"start":{"line":431,"column":8},"end":{"line":431,"column":62}},"254":{"start":{"line":431,"column":34},"end":{"line":431,"column":60}},"255":{"start":{"line":433,"column":8},"end":{"line":433,"column":44}},"256":{"start":{"line":433,"column":29},"end":{"line":433,"column":42}},"257":{"start":{"line":362,"column":0},"end":{"line":362,"column":13}},"258":{"start":{"line":439,"column":20},"end":{"line":439,"column":42}},"259":{"start":{"line":439,"column":36},"end":{"line":439,"column":41}},"260":{"start":{"line":440,"column":21},"end":{"line":440,"column":35}},"261":{"start":{"line":441,"column":23},"end":{"line":441,"column":85}},"262":{"start":{"line":443,"column":21},"end":{"line":446,"column":10}},"263":{"start":{"line":448,"column":24},"end":{"line":448,"column":33}},"264":{"start":{"line":449,"column":8},"end":{"line":449,"column":54}},"265":{"start":{"line":449,"column":28},"end":{"line":449,"column":52}},"266":{"start":{"line":451,"column":8},"end":{"line":451,"column":48}},"267":{"start":{"line":451,"column":29},"end":{"line":451,"column":46}},"268":{"start":{"line":437,"column":0},"end":{"line":437,"column":13}},"269":{"start":{"line":460,"column":8},"end":{"line":460,"column":29}},"270":{"start":{"line":461,"column":8},"end":{"line":461,"column":47}},"271":{"start":{"line":465,"column":29},"end":{"line":468,"column":14}},"272":{"start":{"line":466,"column":12},"end":{"line":468,"column":14}},"273":{"start":{"line":466,"column":55},"end":{"line":466,"column":96}},"274":{"start":{"line":467,"column":44},"end":{"line":467,"column":53}},"275":{"start":{"line":470,"column":8},"end":{"line":494,"column":10}},"276":{"start":{"line":455,"column":0},"end":{"line":455,"column":13}}},"fnMap":{"0":{"name":"(anonymous_1)","decl":{"start":{"line":5,"column":4},"end":{"line":5,"column":10}},"loc":{"start":{"line":5,"column":74},"end":{"line":19,"column":5}}},"1":{"name":"(anonymous_2)","decl":{"start":{"line":6,"column":31},"end":{"line":6,"column":32}},"loc":{"start":{"line":6,"column":36},"end":{"line":6,"column":41}}},"2":{"name":"(anonymous_3)","decl":{"start":{"line":16,"column":24},"end":{"line":16,"column":30}},"loc":{"start":{"line":16,"column":34},"end":{"line":16,"column":67}}},"3":{"name":"(anonymous_4)","decl":{"start":{"line":18,"column":23},"end":{"line":18,"column":25}},"loc":{"start":{"line":18,"column":29},"end":{"line":18,"column":49}}},"4":{"name":"(anonymous_5)","decl":{"start":{"line":23,"column":4},"end":{"line":23,"column":10}},"loc":{"start":{"line":23,"column":75},"end":{"line":42,"column":5}}},"5":{"name":"(anonymous_6)","decl":{"start":{"line":24,"column":31},"end":{"line":24,"column":32}},"loc":{"start":{"line":24,"column":36},"end":{"line":24,"column":41}}},"6":{"name":"(anonymous_7)","decl":{"start":{"line":34,"column":25},"end":{"line":34,"column":32}},"loc":{"start":{"line":34,"column":35},"end":{"line":39,"column":9}}},"7":{"name":"(anonymous_8)","decl":{"start":{"line":41,"column":23},"end":{"line":41,"column":25}},"loc":{"start":{"line":41,"column":29},"end":{"line":41,"column":54}}},"8":{"name":"(anonymous_9)","decl":{"start":{"line":44,"column":4},"end":{"line":44,"column":10}},"loc":{"start":{"line":44,"column":82},"end":{"line":58,"column":5}}},"9":{"name":"(anonymous_10)","decl":{"start":{"line":45,"column":31},"end":{"line":45,"column":32}},"loc":{"start":{"line":45,"column":36},"end":{"line":45,"column":41}}},"10":{"name":"(anonymous_11)","decl":{"start":{"line":55,"column":25},"end":{"line":55,"column":32}},"loc":{"start":{"line":55,"column":36},"end":{"line":55,"column":72}}},"11":{"name":"(anonymous_12)","decl":{"start":{"line":57,"column":23},"end":{"line":57,"column":25}},"loc":{"start":{"line":57,"column":29},"end":{"line":57,"column":50}}},"12":{"name":"(anonymous_13)","decl":{"start":{"line":60,"column":4},"end":{"line":60,"column":10}},"loc":{"start":{"line":60,"column":72},"end":{"line":71,"column":5}}},"13":{"name":"(anonymous_14)","decl":{"start":{"line":61,"column":31},"end":{"line":61,"column":32}},"loc":{"start":{"line":61,"column":36},"end":{"line":61,"column":41}}},"14":{"name":"(anonymous_15)","decl":{"start":{"line":68,"column":25},"end":{"line":68,"column":32}},"loc":{"start":{"line":68,"column":36},"end":{"line":68,"column":72}}},"15":{"name":"(anonymous_16)","decl":{"start":{"line":70,"column":23},"end":{"line":70,"column":25}},"loc":{"start":{"line":70,"column":29},"end":{"line":70,"column":50}}},"16":{"name":"(anonymous_17)","decl":{"start":{"line":75,"column":4},"end":{"line":75,"column":10}},"loc":{"start":{"line":75,"column":73},"end":{"line":94,"column":5}}},"17":{"name":"(anonymous_18)","decl":{"start":{"line":76,"column":31},"end":{"line":76,"column":32}},"loc":{"start":{"line":76,"column":36},"end":{"line":76,"column":41}}},"18":{"name":"(anonymous_19)","decl":{"start":{"line":86,"column":23},"end":{"line":86,"column":28}},"loc":{"start":{"line":86,"column":31},"end":{"line":91,"column":9}}},"19":{"name":"(anonymous_20)","decl":{"start":{"line":93,"column":23},"end":{"line":93,"column":25}},"loc":{"start":{"line":93,"column":29},"end":{"line":93,"column":52}}},"20":{"name":"(anonymous_21)","decl":{"start":{"line":98,"column":4},"end":{"line":98,"column":10}},"loc":{"start":{"line":98,"column":75},"end":{"line":117,"column":5}}},"21":{"name":"(anonymous_22)","decl":{"start":{"line":99,"column":31},"end":{"line":99,"column":32}},"loc":{"start":{"line":99,"column":36},"end":{"line":99,"column":41}}},"22":{"name":"(anonymous_23)","decl":{"start":{"line":109,"column":25},"end":{"line":109,"column":32}},"loc":{"start":{"line":109,"column":35},"end":{"line":114,"column":9}}},"23":{"name":"(anonymous_24)","decl":{"start":{"line":116,"column":23},"end":{"line":116,"column":25}},"loc":{"start":{"line":116,"column":29},"end":{"line":116,"column":54}}},"24":{"name":"(anonymous_25)","decl":{"start":{"line":121,"column":4},"end":{"line":121,"column":10}},"loc":{"start":{"line":121,"column":71},"end":{"line":140,"column":5}}},"25":{"name":"(anonymous_26)","decl":{"start":{"line":122,"column":31},"end":{"line":122,"column":32}},"loc":{"start":{"line":122,"column":36},"end":{"line":122,"column":41}}},"26":{"name":"(anonymous_27)","decl":{"start":{"line":132,"column":21},"end":{"line":132,"column":24}},"loc":{"start":{"line":132,"column":27},"end":{"line":137,"column":9}}},"27":{"name":"(anonymous_28)","decl":{"start":{"line":139,"column":23},"end":{"line":139,"column":25}},"loc":{"start":{"line":139,"column":29},"end":{"line":139,"column":50}}},"28":{"name":"(anonymous_29)","decl":{"start":{"line":144,"column":4},"end":{"line":144,"column":10}},"loc":{"start":{"line":144,"column":77},"end":{"line":163,"column":5}}},"29":{"name":"(anonymous_30)","decl":{"start":{"line":145,"column":31},"end":{"line":145,"column":32}},"loc":{"start":{"line":145,"column":36},"end":{"line":145,"column":41}}},"30":{"name":"(anonymous_31)","decl":{"start":{"line":155,"column":27},"end":{"line":155,"column":35}},"loc":{"start":{"line":155,"column":38},"end":{"line":160,"column":9}}},"31":{"name":"(anonymous_32)","decl":{"start":{"line":162,"column":23},"end":{"line":162,"column":25}},"loc":{"start":{"line":162,"column":29},"end":{"line":162,"column":56}}},"32":{"name":"(anonymous_33)","decl":{"start":{"line":167,"column":4},"end":{"line":167,"column":10}},"loc":{"start":{"line":167,"column":72},"end":{"line":181,"column":5}}},"33":{"name":"(anonymous_34)","decl":{"start":{"line":168,"column":31},"end":{"line":168,"column":32}},"loc":{"start":{"line":168,"column":36},"end":{"line":168,"column":41}}},"34":{"name":"(anonymous_35)","decl":{"start":{"line":178,"column":22},"end":{"line":178,"column":26}},"loc":{"start":{"line":178,"column":30},"end":{"line":178,"column":57}}},"35":{"name":"(anonymous_36)","decl":{"start":{"line":180,"column":23},"end":{"line":180,"column":25}},"loc":{"start":{"line":180,"column":29},"end":{"line":180,"column":47}}},"36":{"name":"(anonymous_37)","decl":{"start":{"line":185,"column":4},"end":{"line":185,"column":10}},"loc":{"start":{"line":185,"column":72},"end":{"line":199,"column":5}}},"37":{"name":"(anonymous_38)","decl":{"start":{"line":186,"column":31},"end":{"line":186,"column":32}},"loc":{"start":{"line":186,"column":36},"end":{"line":186,"column":41}}},"38":{"name":"(anonymous_39)","decl":{"start":{"line":196,"column":22},"end":{"line":196,"column":26}},"loc":{"start":{"line":196,"column":30},"end":{"line":196,"column":57}}},"39":{"name":"(anonymous_40)","decl":{"start":{"line":198,"column":23},"end":{"line":198,"column":25}},"loc":{"start":{"line":198,"column":29},"end":{"line":198,"column":47}}},"40":{"name":"(anonymous_41)","decl":{"start":{"line":203,"column":4},"end":{"line":203,"column":10}},"loc":{"start":{"line":203,"column":73},"end":{"line":222,"column":5}}},"41":{"name":"(anonymous_42)","decl":{"start":{"line":204,"column":31},"end":{"line":204,"column":32}},"loc":{"start":{"line":204,"column":36},"end":{"line":204,"column":41}}},"42":{"name":"(anonymous_43)","decl":{"start":{"line":214,"column":23},"end":{"line":214,"column":28}},"loc":{"start":{"line":214,"column":31},"end":{"line":219,"column":9}}},"43":{"name":"(anonymous_44)","decl":{"start":{"line":221,"column":23},"end":{"line":221,"column":25}},"loc":{"start":{"line":221,"column":29},"end":{"line":221,"column":52}}},"44":{"name":"(anonymous_45)","decl":{"start":{"line":226,"column":4},"end":{"line":226,"column":10}},"loc":{"start":{"line":226,"column":72},"end":{"line":240,"column":5}}},"45":{"name":"(anonymous_46)","decl":{"start":{"line":227,"column":31},"end":{"line":227,"column":32}},"loc":{"start":{"line":227,"column":36},"end":{"line":227,"column":41}}},"46":{"name":"(anonymous_47)","decl":{"start":{"line":237,"column":22},"end":{"line":237,"column":26}},"loc":{"start":{"line":237,"column":30},"end":{"line":237,"column":57}}},"47":{"name":"(anonymous_48)","decl":{"start":{"line":239,"column":23},"end":{"line":239,"column":25}},"loc":{"start":{"line":239,"column":29},"end":{"line":239,"column":47}}},"48":{"name":"(anonymous_49)","decl":{"start":{"line":244,"column":4},"end":{"line":244,"column":10}},"loc":{"start":{"line":244,"column":76},"end":{"line":258,"column":5}}},"49":{"name":"(anonymous_50)","decl":{"start":{"line":245,"column":31},"end":{"line":245,"column":32}},"loc":{"start":{"line":245,"column":36},"end":{"line":245,"column":41}}},"50":{"name":"(anonymous_51)","decl":{"start":{"line":255,"column":26},"end":{"line":255,"column":33}},"loc":{"start":{"line":255,"column":37},"end":{"line":255,"column":74}}},"51":{"name":"(anonymous_52)","decl":{"start":{"line":257,"column":23},"end":{"line":257,"column":25}},"loc":{"start":{"line":257,"column":29},"end":{"line":257,"column":51}}},"52":{"name":"(anonymous_53)","decl":{"start":{"line":262,"column":4},"end":{"line":262,"column":10}},"loc":{"start":{"line":262,"column":77},"end":{"line":276,"column":5}}},"53":{"name":"(anonymous_54)","decl":{"start":{"line":263,"column":31},"end":{"line":263,"column":32}},"loc":{"start":{"line":263,"column":36},"end":{"line":263,"column":41}}},"54":{"name":"(anonymous_55)","decl":{"start":{"line":273,"column":27},"end":{"line":273,"column":36}},"loc":{"start":{"line":273,"column":40},"end":{"line":273,"column":82}}},"55":{"name":"(anonymous_56)","decl":{"start":{"line":275,"column":23},"end":{"line":275,"column":25}},"loc":{"start":{"line":275,"column":29},"end":{"line":275,"column":52}}},"56":{"name":"(anonymous_57)","decl":{"start":{"line":278,"column":4},"end":{"line":278,"column":10}},"loc":{"start":{"line":278,"column":78},"end":{"line":297,"column":5}}},"57":{"name":"(anonymous_58)","decl":{"start":{"line":279,"column":31},"end":{"line":279,"column":32}},"loc":{"start":{"line":279,"column":36},"end":{"line":279,"column":41}}},"58":{"name":"(anonymous_59)","decl":{"start":{"line":289,"column":28},"end":{"line":289,"column":31}},"loc":{"start":{"line":289,"column":34},"end":{"line":294,"column":9}}},"59":{"name":"(anonymous_60)","decl":{"start":{"line":296,"column":23},"end":{"line":296,"column":25}},"loc":{"start":{"line":296,"column":29},"end":{"line":296,"column":57}}},"60":{"name":"(anonymous_61)","decl":{"start":{"line":299,"column":4},"end":{"line":299,"column":10}},"loc":{"start":{"line":299,"column":80},"end":{"line":318,"column":5}}},"61":{"name":"(anonymous_62)","decl":{"start":{"line":300,"column":31},"end":{"line":300,"column":32}},"loc":{"start":{"line":300,"column":36},"end":{"line":300,"column":41}}},"62":{"name":"(anonymous_63)","decl":{"start":{"line":310,"column":28},"end":{"line":310,"column":31}},"loc":{"start":{"line":310,"column":34},"end":{"line":315,"column":9}}},"63":{"name":"(anonymous_64)","decl":{"start":{"line":317,"column":23},"end":{"line":317,"column":25}},"loc":{"start":{"line":317,"column":29},"end":{"line":317,"column":57}}},"64":{"name":"(anonymous_65)","decl":{"start":{"line":322,"column":4},"end":{"line":322,"column":10}},"loc":{"start":{"line":322,"column":73},"end":{"line":341,"column":5}}},"65":{"name":"(anonymous_66)","decl":{"start":{"line":323,"column":31},"end":{"line":323,"column":32}},"loc":{"start":{"line":323,"column":36},"end":{"line":323,"column":41}}},"66":{"name":"(anonymous_67)","decl":{"start":{"line":333,"column":23},"end":{"line":333,"column":28}},"loc":{"start":{"line":333,"column":31},"end":{"line":338,"column":9}}},"67":{"name":"(anonymous_68)","decl":{"start":{"line":340,"column":23},"end":{"line":340,"column":25}},"loc":{"start":{"line":340,"column":29},"end":{"line":340,"column":52}}},"68":{"name":"(anonymous_69)","decl":{"start":{"line":345,"column":4},"end":{"line":345,"column":10}},"loc":{"start":{"line":345,"column":74},"end":{"line":359,"column":5}}},"69":{"name":"(anonymous_70)","decl":{"start":{"line":346,"column":31},"end":{"line":346,"column":32}},"loc":{"start":{"line":346,"column":36},"end":{"line":346,"column":41}}},"70":{"name":"(anonymous_71)","decl":{"start":{"line":356,"column":24},"end":{"line":356,"column":30}},"loc":{"start":{"line":356,"column":34},"end":{"line":356,"column":67}}},"71":{"name":"(anonymous_72)","decl":{"start":{"line":358,"column":23},"end":{"line":358,"column":25}},"loc":{"start":{"line":358,"column":29},"end":{"line":358,"column":49}}},"72":{"name":"(anonymous_73)","decl":{"start":{"line":363,"column":4},"end":{"line":363,"column":10}},"loc":{"start":{"line":363,"column":77},"end":{"line":380,"column":5}}},"73":{"name":"(anonymous_74)","decl":{"start":{"line":364,"column":31},"end":{"line":364,"column":32}},"loc":{"start":{"line":364,"column":36},"end":{"line":364,"column":41}}},"74":{"name":"(anonymous_75)","decl":{"start":{"line":374,"column":27},"end":{"line":374,"column":31}},"loc":{"start":{"line":374,"column":34},"end":{"line":377,"column":9}}},"75":{"name":"(anonymous_76)","decl":{"start":{"line":379,"column":23},"end":{"line":379,"column":25}},"loc":{"start":{"line":379,"column":29},"end":{"line":379,"column":46}}},"76":{"name":"(anonymous_77)","decl":{"start":{"line":382,"column":4},"end":{"line":382,"column":10}},"loc":{"start":{"line":382,"column":78},"end":{"line":399,"column":5}}},"77":{"name":"(anonymous_78)","decl":{"start":{"line":383,"column":31},"end":{"line":383,"column":32}},"loc":{"start":{"line":383,"column":36},"end":{"line":383,"column":41}}},"78":{"name":"(anonymous_79)","decl":{"start":{"line":393,"column":28},"end":{"line":393,"column":32}},"loc":{"start":{"line":393,"column":35},"end":{"line":396,"column":9}}},"79":{"name":"(anonymous_80)","decl":{"start":{"line":398,"column":23},"end":{"line":398,"column":25}},"loc":{"start":{"line":398,"column":29},"end":{"line":398,"column":46}}},"80":{"name":"(anonymous_81)","decl":{"start":{"line":401,"column":4},"end":{"line":401,"column":10}},"loc":{"start":{"line":401,"column":73},"end":{"line":418,"column":5}}},"81":{"name":"(anonymous_82)","decl":{"start":{"line":402,"column":31},"end":{"line":402,"column":32}},"loc":{"start":{"line":402,"column":36},"end":{"line":402,"column":41}}},"82":{"name":"(anonymous_83)","decl":{"start":{"line":412,"column":23},"end":{"line":412,"column":27}},"loc":{"start":{"line":412,"column":30},"end":{"line":415,"column":9}}},"83":{"name":"(anonymous_84)","decl":{"start":{"line":417,"column":23},"end":{"line":417,"column":25}},"loc":{"start":{"line":417,"column":29},"end":{"line":417,"column":46}}},"84":{"name":"(anonymous_85)","decl":{"start":{"line":420,"column":4},"end":{"line":420,"column":10}},"loc":{"start":{"line":420,"column":74},"end":{"line":434,"column":5}}},"85":{"name":"(anonymous_86)","decl":{"start":{"line":421,"column":31},"end":{"line":421,"column":32}},"loc":{"start":{"line":421,"column":36},"end":{"line":421,"column":41}}},"86":{"name":"(anonymous_87)","decl":{"start":{"line":431,"column":24},"end":{"line":431,"column":30}},"loc":{"start":{"line":431,"column":34},"end":{"line":431,"column":60}}},"87":{"name":"(anonymous_88)","decl":{"start":{"line":433,"column":23},"end":{"line":433,"column":25}},"loc":{"start":{"line":433,"column":29},"end":{"line":433,"column":42}}},"88":{"name":"(anonymous_89)","decl":{"start":{"line":438,"column":4},"end":{"line":438,"column":10}},"loc":{"start":{"line":438,"column":71},"end":{"line":452,"column":5}}},"89":{"name":"(anonymous_90)","decl":{"start":{"line":439,"column":31},"end":{"line":439,"column":32}},"loc":{"start":{"line":439,"column":36},"end":{"line":439,"column":41}}},"90":{"name":"(anonymous_91)","decl":{"start":{"line":449,"column":21},"end":{"line":449,"column":24}},"loc":{"start":{"line":449,"column":28},"end":{"line":449,"column":52}}},"91":{"name":"(anonymous_92)","decl":{"start":{"line":451,"column":23},"end":{"line":451,"column":25}},"loc":{"start":{"line":451,"column":29},"end":{"line":451,"column":46}}},"92":{"name":"(anonymous_93)","decl":{"start":{"line":459,"column":4},"end":{"line":459,"column":16}},"loc":{"start":{"line":459,"column":53},"end":{"line":462,"column":5}}},"93":{"name":"(anonymous_94)","decl":{"start":{"line":464,"column":4},"end":{"line":464,"column":14}},"loc":{"start":{"line":464,"column":14},"end":{"line":495,"column":5}}},"94":{"name":"(anonymous_95)","decl":{"start":{"line":465,"column":29},"end":{"line":465,"column":30}},"loc":{"start":{"line":466,"column":12},"end":{"line":468,"column":14}}},"95":{"name":"(anonymous_96)","decl":{"start":{"line":466,"column":27},"end":{"line":466,"column":28}},"loc":{"start":{"line":466,"column":55},"end":{"line":466,"column":96}}},"96":{"name":"(anonymous_97)","decl":{"start":{"line":467,"column":28},"end":{"line":467,"column":29}},"loc":{"start":{"line":467,"column":44},"end":{"line":467,"column":53}}}},"branchMap":{"0":{"loc":{"start":{"line":35,"column":12},"end":{"line":37,"column":13}},"type":"if","locations":[{"start":{"line":35,"column":12},"end":{"line":37,"column":13}}]},"1":{"loc":{"start":{"line":41,"column":29},"end":{"line":41,"column":54}},"type":"binary-expr","locations":[{"start":{"line":41,"column":29},"end":{"line":41,"column":48}},{"start":{"line":41,"column":52},"end":{"line":41,"column":54}}]},"2":{"loc":{"start":{"line":87,"column":12},"end":{"line":89,"column":13}},"type":"if","locations":[{"start":{"line":87,"column":12},"end":{"line":89,"column":13}}]},"3":{"loc":{"start":{"line":93,"column":29},"end":{"line":93,"column":52}},"type":"binary-expr","locations":[{"start":{"line":93,"column":29},"end":{"line":93,"column":46}},{"start":{"line":93,"column":50},"end":{"line":93,"column":52}}]},"4":{"loc":{"start":{"line":110,"column":12},"end":{"line":112,"column":13}},"type":"if","locations":[{"start":{"line":110,"column":12},"end":{"line":112,"column":13}}]},"5":{"loc":{"start":{"line":116,"column":29},"end":{"line":116,"column":54}},"type":"binary-expr","locations":[{"start":{"line":116,"column":29},"end":{"line":116,"column":48}},{"start":{"line":116,"column":52},"end":{"line":116,"column":54}}]},"6":{"loc":{"start":{"line":133,"column":12},"end":{"line":135,"column":13}},"type":"if","locations":[{"start":{"line":133,"column":12},"end":{"line":135,"column":13}}]},"7":{"loc":{"start":{"line":139,"column":29},"end":{"line":139,"column":50}},"type":"binary-expr","locations":[{"start":{"line":139,"column":29},"end":{"line":139,"column":44}},{"start":{"line":139,"column":48},"end":{"line":139,"column":50}}]},"8":{"loc":{"start":{"line":156,"column":12},"end":{"line":158,"column":13}},"type":"if","locations":[{"start":{"line":156,"column":12},"end":{"line":158,"column":13}}]},"9":{"loc":{"start":{"line":162,"column":29},"end":{"line":162,"column":56}},"type":"binary-expr","locations":[{"start":{"line":162,"column":29},"end":{"line":162,"column":50}},{"start":{"line":162,"column":54},"end":{"line":162,"column":56}}]},"10":{"loc":{"start":{"line":215,"column":12},"end":{"line":217,"column":13}},"type":"if","locations":[{"start":{"line":215,"column":12},"end":{"line":217,"column":13}}]},"11":{"loc":{"start":{"line":221,"column":29},"end":{"line":221,"column":52}},"type":"binary-expr","locations":[{"start":{"line":221,"column":29},"end":{"line":221,"column":46}},{"start":{"line":221,"column":50},"end":{"line":221,"column":52}}]},"12":{"loc":{"start":{"line":290,"column":12},"end":{"line":292,"column":13}},"type":"if","locations":[{"start":{"line":290,"column":12},"end":{"line":292,"column":13}}]},"13":{"loc":{"start":{"line":296,"column":29},"end":{"line":296,"column":57}},"type":"binary-expr","locations":[{"start":{"line":296,"column":29},"end":{"line":296,"column":51}},{"start":{"line":296,"column":55},"end":{"line":296,"column":57}}]},"14":{"loc":{"start":{"line":311,"column":12},"end":{"line":313,"column":13}},"type":"if","locations":[{"start":{"line":311,"column":12},"end":{"line":313,"column":13}}]},"15":{"loc":{"start":{"line":317,"column":29},"end":{"line":317,"column":57}},"type":"binary-expr","locations":[{"start":{"line":317,"column":29},"end":{"line":317,"column":51}},{"start":{"line":317,"column":55},"end":{"line":317,"column":57}}]},"16":{"loc":{"start":{"line":334,"column":12},"end":{"line":336,"column":13}},"type":"if","locations":[{"start":{"line":334,"column":12},"end":{"line":336,"column":13}}]},"17":{"loc":{"start":{"line":340,"column":29},"end":{"line":340,"column":52}},"type":"binary-expr","locations":[{"start":{"line":340,"column":29},"end":{"line":340,"column":46}},{"start":{"line":340,"column":50},"end":{"line":340,"column":52}}]},"18":{"loc":{"start":{"line":375,"column":12},"end":{"line":375,"column":70}},"type":"if","locations":[{"start":{"line":375,"column":12},"end":{"line":375,"column":70}}]},"19":{"loc":{"start":{"line":379,"column":29},"end":{"line":379,"column":46}},"type":"binary-expr","locations":[{"start":{"line":379,"column":29},"end":{"line":379,"column":40}},{"start":{"line":379,"column":44},"end":{"line":379,"column":46}}]},"20":{"loc":{"start":{"line":394,"column":12},"end":{"line":394,"column":70}},"type":"if","locations":[{"start":{"line":394,"column":12},"end":{"line":394,"column":70}}]},"21":{"loc":{"start":{"line":398,"column":29},"end":{"line":398,"column":46}},"type":"binary-expr","locations":[{"start":{"line":398,"column":29},"end":{"line":398,"column":40}},{"start":{"line":398,"column":44},"end":{"line":398,"column":46}}]},"22":{"loc":{"start":{"line":413,"column":12},"end":{"line":413,"column":70}},"type":"if","locations":[{"start":{"line":413,"column":12},"end":{"line":413,"column":70}}]},"23":{"loc":{"start":{"line":417,"column":29},"end":{"line":417,"column":46}},"type":"binary-expr","locations":[{"start":{"line":417,"column":29},"end":{"line":417,"column":40}},{"start":{"line":417,"column":44},"end":{"line":417,"column":46}}]}},"s":{"0":1,"1":1,"2":1,"3":1,"4":1,"5":1,"6":1,"7":1,"8":1,"9":1,"10":1,"11":1,"12":1,"13":1,"14":1,"15":1,"16":1,"17":1,"18":1,"19":1,"20":1,"21":1,"22":1,"23":1,"24":0,"25":0,"26":0,"27":0,"28":0,"29":0,"30":0,"31":0,"32":0,"33":0,"34":0,"35":0,"36":0,"37":0,"38":0,"39":0,"40":0,"41":0,"42":1,"43":0,"44":0,"45":0,"46":0,"47":0,"48":0,"49":0,"50":0,"51":0,"52":0,"53":0,"54":0,"55":1,"56":0,"57":0,"58":0,"59":0,"60":0,"61":0,"62":0,"63":0,"64":0,"65":0,"66":0,"67":0,"68":1,"69":0,"70":0,"71":0,"72":0,"73":0,"74":0,"75":0,"76":0,"77":0,"78":0,"79":0,"80":0,"81":1,"82":0,"83":0,"84":0,"85":0,"86":0,"87":0,"88":0,"89":0,"90":0,"91":0,"92":0,"93":0,"94":1,"95":0,"96":0,"97":0,"98":0,"99":0,"100":0,"101":0,"102":0,"103":0,"104":0,"105":1,"106":1,"107":1,"108":1,"109":1,"110":1,"111":1,"112":1,"113":1,"114":1,"115":1,"116":1,"117":0,"118":0,"119":0,"120":0,"121":0,"122":0,"123":0,"124":0,"125":0,"126":0,"127":0,"128":0,"129":1,"130":0,"131":0,"132":0,"133":0,"134":0,"135":0,"136":0,"137":0,"138":0,"139":0,"140":1,"141":0,"142":0,"143":0,"144":0,"145":0,"146":0,"147":0,"148":0,"149":0,"150":0,"151":1,"152":0,"153":0,"154":0,"155":0,"156":0,"157":0,"158":0,"159":0,"160":0,"161":0,"162":0,"163":0,"164":0,"165":0,"166":0,"167":0,"168":0,"169":0,"170":0,"171":0,"172":0,"173":0,"174":0,"175":0,"176":0,"177":0,"178":0,"179":0,"180":0,"181":0,"182":0,"183":0,"184":0,"185":0,"186":1,"187":0,"188":0,"189":0,"190":0,"191":0,"192":0,"193":0,"194":0,"195":0,"196":0,"197":0,"198":0,"199":1,"200":0,"201":0,"202":0,"203":0,"204":0,"205":0,"206":0,"207":0,"208":0,"209":0,"210":1,"211":0,"212":0,"213":0,"214":0,"215":0,"216":0,"217":0,"218":0,"219":0,"220":0,"221":0,"222":0,"223":0,"224":0,"225":0,"226":0,"227":0,"228":0,"229":0,"230":0,"231":0,"232":0,"233":0,"234":0,"235":0,"236":0,"237":0,"238":0,"239":0,"240":0,"241":0,"242":0,"243":0,"244":0,"245":0,"246":0,"247":0,"248":0,"249":0,"250":0,"251":0,"252":0,"253":0,"254":0,"255":0,"256":0,"257":1,"258":0,"259":0,"260":0,"261":0,"262":0,"263":0,"264":0,"265":0,"266":0,"267":0,"268":1,"269":4,"270":4,"271":4,"272":92,"273":3,"274":3,"275":4,"276":1},"f":{"0":1,"1":1,"2":1,"3":1,"4":1,"5":1,"6":1,"7":1,"8":0,"9":0,"10":0,"11":0,"12":0,"13":0,"14":0,"15":0,"16":0,"17":0,"18":0,"19":0,"20":0,"21":0,"22":0,"23":0,"24":0,"25":0,"26":0,"27":0,"28":0,"29":0,"30":0,"31":0,"32":0,"33":0,"34":0,"35":0,"36":1,"37":1,"38":1,"39":1,"40":0,"41":0,"42":0,"43":0,"44":0,"45":0,"46":0,"47":0,"48":0,"49":0,"50":0,"51":0,"52":0,"53":0,"54":0,"55":0,"56":0,"57":0,"58":0,"59":0,"60":0,"61":0,"62":0,"63":0,"64":0,"65":0,"66":0,"67":0,"68":0,"69":0,"70":0,"71":0,"72":0,"73":0,"74":0,"75":0,"76":0,"77":0,"78":0,"79":0,"80":0,"81":0,"82":0,"83":0,"84":0,"85":0,"86":0,"87":0,"88":0,"89":0,"90":0,"91":0,"92":4,"93":4,"94":92,"95":3,"96":3},"b":{"0":[1],"1":[1,0],"2":[0],"3":[0,0],"4":[0],"5":[0,0],"6":[0],"7":[0,0],"8":[0],"9":[0,0],"10":[0],"11":[0,0],"12":[0],"13":[0,0],"14":[0],"15":[0,0],"16":[0],"17":[0,0],"18":[0],"19":[0,0],"20":[0],"21":[0,0],"22":[0],"23":[0,0]}}
,"C:\\Packsys\\NetBeansProjects\\graphql\\src\\index.ts": {"path":"C:\\Packsys\\NetBeansProjects\\graphql\\src\\index.ts","statementMap":{"0":{"start":{"line":1,"column":0},"end":{"line":1,"column":22}},"1":{"start":{"line":2,"column":0},"end":{"line":2,"column":30}},"2":{"start":{"line":3,"column":0},"end":{"line":3,"column":46}},"3":{"start":{"line":4,"column":0},"end":{"line":4,"column":53}},"4":{"start":{"line":6,"column":0},"end":{"line":6,"column":36}},"5":{"start":{"line":7,"column":0},"end":{"line":7,"column":33}},"6":{"start":{"line":10,"column":0},"end":{"line":10,"column":30}},"7":{"start":{"line":11,"column":0},"end":{"line":11,"column":32}},"8":{"start":{"line":13,"column":0},"end":{"line":13,"column":49}},"9":{"start":{"line":14,"column":0},"end":{"line":14,"column":52}},"10":{"start":{"line":15,"column":0},"end":{"line":15,"column":63}},"11":{"start":{"line":16,"column":0},"end":{"line":16,"column":55}},"12":{"start":{"line":18,"column":0},"end":{"line":71,"column":5}},"13":{"start":{"line":20,"column":14},"end":{"line":20,"column":23}},"14":{"start":{"line":21,"column":26},"end":{"line":21,"column":47}},"15":{"start":{"line":22,"column":28},"end":{"line":22,"column":70}},"16":{"start":{"line":23,"column":19},"end":{"line":23,"column":71}},"17":{"start":{"line":24,"column":2},"end":{"line":24,"column":null}},"18":{"start":{"line":26,"column":2},"end":{"line":26,"column":26}},"19":{"start":{"line":29,"column":17},"end":{"line":32,"column":4}},"20":{"start":{"line":36,"column":2},"end":{"line":51,"column":4}},"21":{"start":{"line":39,"column":6},"end":{"line":39,"column":48}},"22":{"start":{"line":39,"column":28},"end":{"line":39,"column":48}},"23":{"start":{"line":40,"column":6},"end":{"line":40,"column":33}},"24":{"start":{"line":41,"column":6},"end":{"line":41,"column":69}},"25":{"start":{"line":42,"column":6},"end":{"line":42,"column":58}},"26":{"start":{"line":43,"column":6},"end":{"line":43,"column":44}},"27":{"start":{"line":44,"column":6},"end":{"line":44,"column":13}},"28":{"start":{"line":46,"column":24},"end":{"line":50,"column":6}},"29":{"start":{"line":53,"column":2},"end":{"line":53,"column":null}},"30":{"start":{"line":53,"column":29},"end":{"line":53,"column":64}},"31":{"start":{"line":55,"column":2},"end":{"line":63,"column":4}},"32":{"start":{"line":57,"column":6},"end":{"line":59,"column":7}},"33":{"start":{"line":58,"column":8},"end":{"line":58,"column":69}},"34":{"start":{"line":61,"column":6},"end":{"line":61,"column":46}},"35":{"start":{"line":65,"column":15},"end":{"line":65,"column":39}},"36":{"start":{"line":67,"column":2},"end":{"line":70,"column":5}},"37":{"start":{"line":68,"column":4},"end":{"line":68,"column":null}},"38":{"start":{"line":69,"column":4},"end":{"line":69,"column":null}}},"fnMap":{"0":{"name":"(anonymous_1)","decl":{"start":{"line":18,"column":1},"end":{"line":18,"column":6}},"loc":{"start":{"line":18,"column":12},"end":{"line":71,"column":1}}},"1":{"name":"(anonymous_2)","decl":{"start":{"line":38,"column":4},"end":{"line":38,"column":5}},"loc":{"start":{"line":38,"column":23},"end":{"line":45,"column":5}}},"2":{"name":"(anonymous_3)","decl":{"start":{"line":46,"column":16},"end":{"line":46,"column":19}},"loc":{"start":{"line":46,"column":24},"end":{"line":50,"column":6}}},"3":{"name":"(anonymous_4)","decl":{"start":{"line":53,"column":15},"end":{"line":53,"column":16}},"loc":{"start":{"line":53,"column":29},"end":{"line":53,"column":64}}},"4":{"name":"(anonymous_5)","decl":{"start":{"line":56,"column":4},"end":{"line":56,"column":5}},"loc":{"start":{"line":56,"column":39},"end":{"line":62,"column":5}}},"5":{"name":"(anonymous_6)","decl":{"start":{"line":67,"column":19},"end":{"line":67,"column":22}},"loc":{"start":{"line":67,"column":24},"end":{"line":70,"column":3}}}},"branchMap":{"0":{"loc":{"start":{"line":39,"column":6},"end":{"line":39,"column":48}},"type":"if","locations":[{"start":{"line":39,"column":6},"end":{"line":39,"column":48}}]},"1":{"loc":{"start":{"line":57,"column":6},"end":{"line":59,"column":7}},"type":"if","locations":[{"start":{"line":57,"column":6},"end":{"line":59,"column":7}}]},"2":{"loc":{"start":{"line":65,"column":15},"end":{"line":65,"column":39}},"type":"binary-expr","locations":[{"start":{"line":65,"column":15},"end":{"line":65,"column":31}},{"start":{"line":65,"column":35},"end":{"line":65,"column":39}}]}},"s":{"0":0,"1":0,"2":0,"3":0,"4":0,"5":0,"6":0,"7":0,"8":0,"9":0,"10":0,"11":0,"12":0,"13":0,"14":0,"15":0,"16":0,"17":0,"18":0,"19":0,"20":0,"21":0,"22":0,"23":0,"24":0,"25":0,"26":0,"27":0,"28":0,"29":0,"30":0,"31":0,"32":0,"33":0,"34":0,"35":0,"36":0,"37":0,"38":0},"f":{"0":0,"1":0,"2":0,"3":0,"4":0,"5":0},"b":{"0":[0],"1":[0],"2":[0,0]}}
,"C:\\Packsys\\NetBeansProjects\\graphql\\src\\resolvers.ts": {"path":"C:\\Packsys\\NetBeansProjects\\graphql\\src\\resolvers.ts","statementMap":{"0":{"start":{"line":1,"column":0},"end":{"line":1,"column":62}},"1":{"start":{"line":2,"column":0},"end":{"line":2,"column":24}},"2":{"start":{"line":4,"column":18},"end":{"line":5,"column":null}},"3":{"start":{"line":8,"column":18},"end":{"line":8,"column":43}},"4":{"start":{"line":10,"column":0},"end":{"line":10,"column":25}}},"fnMap":{},"branchMap":{},"s":{"0":1,"1":1,"2":1,"3":1,"4":1},"f":{},"b":{}}
,"C:\\Packsys\\NetBeansProjects\\graphql\\src\\schemas.ts": {"path":"C:\\Packsys\\NetBeansProjects\\graphql\\src\\schemas.ts","statementMap":{"0":{"start":{"line":1,"column":0},"end":{"line":1,"column":61}},"1":{"start":{"line":2,"column":0},"end":{"line":2,"column":24}},"2":{"start":{"line":4,"column":18},"end":{"line":5,"column":null}},"3":{"start":{"line":8,"column":16},"end":{"line":8,"column":40}},"4":{"start":{"line":10,"column":0},"end":{"line":10,"column":23}}},"fnMap":{},"branchMap":{},"s":{"0":0,"1":0,"2":0,"3":0,"4":0},"f":{},"b":{}}
,"C:\\Packsys\\NetBeansProjects\\graphql\\src\\composable_resolvers\\auth-resolver.ts": {"path":"C:\\Packsys\\NetBeansProjects\\graphql\\src\\composable_resolvers\\auth-resolver.ts","statementMap":{"0":{"start":{"line":1,"column":28},"end":{"line":10,"column":1}},"1":{"start":{"line":2,"column":4},"end":{"line":9,"column":null}},"2":{"start":{"line":4,"column":8},"end":{"line":8,"column":9}},"3":{"start":{"line":5,"column":12},"end":{"line":5,"column":null}},"4":{"start":{"line":7,"column":12},"end":{"line":7,"column":null}},"5":{"start":{"line":1,"column":13},"end":{"line":1,"column":28}}},"fnMap":{"0":{"name":"(anonymous_0)","decl":{"start":{"line":1,"column":28},"end":{"line":1,"column":36}},"loc":{"start":{"line":1,"column":39},"end":{"line":10,"column":1}}},"1":{"name":"(anonymous_1)","decl":{"start":{"line":2,"column":11},"end":{"line":2,"column":12}},"loc":{"start":{"line":2,"column":43},"end":{"line":9,"column":5}}}},"branchMap":{"0":{"loc":{"start":{"line":4,"column":8},"end":{"line":8,"column":9}},"type":"if","locations":[{"start":{"line":4,"column":8},"end":{"line":8,"column":9}},{"start":{"line":6,"column":14},"end":{"line":8,"column":9}}]},"1":{"loc":{"start":{"line":4,"column":12},"end":{"line":4,"column":49}},"type":"binary-expr","locations":[{"start":{"line":4,"column":12},"end":{"line":4,"column":24}},{"start":{"line":4,"column":28},"end":{"line":4,"column":49}}]}},"s":{"0":2,"1":9,"2":6,"3":5,"4":1,"5":2},"f":{"0":9,"1":6},"b":{"0":[5,1],"1":[6,2]}}
,"C:\\Packsys\\NetBeansProjects\\graphql\\src\\composable_resolvers\\composable.resolver.ts": {"path":"C:\\Packsys\\NetBeansProjects\\graphql\\src\\composable_resolvers\\composable.resolver.ts","statementMap":{"0":{"start":{"line":1,"column":0},"end":{"line":1,"column":16}},"1":{"start":{"line":3,"column":4},"end":{"line":8,"column":5}},"2":{"start":{"line":5,"column":8},"end":{"line":7,"column":10}},"3":{"start":{"line":6,"column":12},"end":{"line":6,"column":21}},"4":{"start":{"line":10,"column":4},"end":{"line":12,"column":5}},"5":{"start":{"line":11,"column":8},"end":{"line":11,"column":24}},"6":{"start":{"line":14,"column":17},"end":{"line":14,"column":40}},"7":{"start":{"line":15,"column":4},"end":{"line":22,"column":null}},"8":{"start":{"line":16,"column":21},"end":{"line":16,"column":28}},"9":{"start":{"line":17,"column":8},"end":{"line":20,"column":9}},"10":{"start":{"line":17,"column":25},"end":{"line":17,"column":41}},"11":{"start":{"line":18,"column":23},"end":{"line":18,"column":35}},"12":{"start":{"line":19,"column":12},"end":{"line":19,"column":32}},"13":{"start":{"line":21,"column":8},"end":{"line":21,"column":22}}},"fnMap":{"0":{"name":"compose","decl":{"start":{"line":1,"column":16},"end":{"line":1,"column":23}},"loc":{"start":{"line":1,"column":32},"end":{"line":23,"column":1}}},"1":{"name":"(anonymous_1)","decl":{"start":{"line":5,"column":15},"end":{"line":5,"column":16}},"loc":{"start":{"line":5,"column":19},"end":{"line":7,"column":9}}},"2":{"name":"(anonymous_2)","decl":{"start":{"line":15,"column":11},"end":{"line":15,"column":12}},"loc":{"start":{"line":15,"column":15},"end":{"line":22,"column":5}}}},"branchMap":{"0":{"loc":{"start":{"line":3,"column":4},"end":{"line":8,"column":5}},"type":"if","locations":[{"start":{"line":3,"column":4},"end":{"line":8,"column":5}}]},"1":{"loc":{"start":{"line":10,"column":4},"end":{"line":12,"column":5}},"type":"if","locations":[{"start":{"line":10,"column":4},"end":{"line":12,"column":5}}]}},"s":{"0":2,"1":10,"2":1,"3":1,"4":9,"5":1,"6":8,"7":8,"8":8,"9":8,"10":8,"11":8,"12":8,"13":8},"f":{"0":10,"1":1,"2":8},"b":{"0":[1],"1":[1]}}
,"C:\\Packsys\\NetBeansProjects\\graphql\\src\\composable_resolvers\\require-plan-resolver.ts": {"path":"C:\\Packsys\\NetBeansProjects\\graphql\\src\\composable_resolvers\\require-plan-resolver.ts","statementMap":{"0":{"start":{"line":1,"column":0},"end":{"line":1,"column":75}},"1":{"start":{"line":3,"column":35},"end":{"line":13,"column":1}},"2":{"start":{"line":3,"column":57},"end":{"line":13,"column":1}},"3":{"start":{"line":4,"column":2},"end":{"line":12,"column":4}},"4":{"start":{"line":5,"column":25},"end":{"line":5,"column":100}},"5":{"start":{"line":7,"column":4},"end":{"line":9,"column":5}},"6":{"start":{"line":8,"column":6},"end":{"line":8,"column":63}},"7":{"start":{"line":11,"column":4},"end":{"line":11,"column":49}},"8":{"start":{"line":3,"column":13},"end":{"line":3,"column":35}}},"fnMap":{"0":{"name":"(anonymous_1)","decl":{"start":{"line":3,"column":35},"end":{"line":3,"column":36}},"loc":{"start":{"line":3,"column":57},"end":{"line":13,"column":1}}},"1":{"name":"(anonymous_2)","decl":{"start":{"line":3,"column":57},"end":{"line":3,"column":58}},"loc":{"start":{"line":3,"column":75},"end":{"line":13,"column":1}}},"2":{"name":"(anonymous_3)","decl":{"start":{"line":4,"column":9},"end":{"line":4,"column":14}},"loc":{"start":{"line":4,"column":67},"end":{"line":12,"column":3}}}},"branchMap":{"0":{"loc":{"start":{"line":7,"column":4},"end":{"line":9,"column":5}},"type":"if","locations":[{"start":{"line":7,"column":4},"end":{"line":9,"column":5}}]}},"s":{"0":1,"1":1,"2":2,"3":2,"4":2,"5":2,"6":1,"7":1,"8":1},"f":{"0":2,"1":2,"2":2},"b":{"0":[1]}}
,"C:\\Packsys\\NetBeansProjects\\graphql\\src\\composable_resolvers\\verify-token-resolver.ts": {"path":"C:\\Packsys\\NetBeansProjects\\graphql\\src\\composable_resolvers\\verify-token-resolver.ts","statementMap":{"0":{"start":{"line":1,"column":0},"end":{"line":1,"column":35}},"1":{"start":{"line":3,"column":35},"end":{"line":16,"column":1}},"2":{"start":{"line":4,"column":4},"end":{"line":15,"column":null}},"3":{"start":{"line":5,"column":22},"end":{"line":5,"column":93}},"4":{"start":{"line":7,"column":8},"end":{"line":13,"column":null}},"5":{"start":{"line":8,"column":12},"end":{"line":12,"column":13}},"6":{"start":{"line":9,"column":16},"end":{"line":9,"column":null}},"7":{"start":{"line":11,"column":16},"end":{"line":11,"column":null}},"8":{"start":{"line":3,"column":13},"end":{"line":3,"column":35}}},"fnMap":{"0":{"name":"(anonymous_6)","decl":{"start":{"line":3,"column":35},"end":{"line":3,"column":43}},"loc":{"start":{"line":3,"column":46},"end":{"line":16,"column":1}}},"1":{"name":"(anonymous_7)","decl":{"start":{"line":4,"column":11},"end":{"line":4,"column":12}},"loc":{"start":{"line":4,"column":43},"end":{"line":15,"column":5}}},"2":{"name":"(anonymous_8)","decl":{"start":{"line":7,"column":57},"end":{"line":7,"column":58}},"loc":{"start":{"line":7,"column":74},"end":{"line":13,"column":9}}}},"branchMap":{"0":{"loc":{"start":{"line":5,"column":22},"end":{"line":5,"column":93}},"type":"cond-expr","locations":[{"start":{"line":5,"column":46},"end":{"line":5,"column":81}},{"start":{"line":5,"column":84},"end":{"line":5,"column":93}}]},"1":{"loc":{"start":{"line":8,"column":12},"end":{"line":12,"column":13}},"type":"if","locations":[{"start":{"line":8,"column":12},"end":{"line":12,"column":13}},{"start":{"line":10,"column":19},"end":{"line":12,"column":13}}]}},"s":{"0":2,"1":2,"2":9,"3":5,"4":5,"5":5,"6":4,"7":1,"8":2},"f":{"0":9,"1":5,"2":5},"b":{"0":[5,0],"1":[4,1]}}
,"C:\\Packsys\\NetBeansProjects\\graphql\\src\\dtos\\AuthorDTO.ts": {"path":"C:\\Packsys\\NetBeansProjects\\graphql\\src\\dtos\\AuthorDTO.ts","statementMap":{"0":{"start":{"line":4,"column":8},"end":{"line":4,"column":null}},"1":{"start":{"line":5,"column":8},"end":{"line":5,"column":null}},"2":{"start":{"line":6,"column":8},"end":{"line":6,"column":null}},"3":{"start":{"line":7,"column":8},"end":{"line":7,"column":null}},"4":{"start":{"line":8,"column":8},"end":{"line":8,"column":null}},"5":{"start":{"line":9,"column":8},"end":{"line":9,"column":null}},"6":{"start":{"line":10,"column":8},"end":{"line":10,"column":null}},"7":{"start":{"line":1,"column":0},"end":{"line":1,"column":21}}},"fnMap":{"0":{"name":"(anonymous_0)","decl":{"start":{"line":3,"column":4},"end":{"line":3,"column":16}},"loc":{"start":{"line":3,"column":22},"end":{"line":11,"column":5}}}},"branchMap":{},"s":{"0":10,"1":10,"2":10,"3":10,"4":10,"5":10,"6":10,"7":3},"f":{"0":10},"b":{}}
,"C:\\Packsys\\NetBeansProjects\\graphql\\src\\dtos\\AuthorMutationDTO.ts": {"path":"C:\\Packsys\\NetBeansProjects\\graphql\\src\\dtos\\AuthorMutationDTO.ts","statementMap":{"0":{"start":{"line":1,"column":0},"end":{"line":1,"column":36}},"1":{"start":{"line":2,"column":0},"end":{"line":2,"column":68}},"2":{"start":{"line":7,"column":8},"end":{"line":7,"column":null}},"3":{"start":{"line":8,"column":8},"end":{"line":8,"column":null}},"4":{"start":{"line":9,"column":8},"end":{"line":9,"column":null}},"5":{"start":{"line":10,"column":8},"end":{"line":10,"column":null}},"6":{"start":{"line":11,"column":8},"end":{"line":11,"column":null}},"7":{"start":{"line":12,"column":8},"end":{"line":12,"column":null}},"8":{"start":{"line":13,"column":8},"end":{"line":13,"column":null}},"9":{"start":{"line":13,"column":59},"end":{"line":13,"column":80}},"10":{"start":{"line":4,"column":0},"end":{"line":4,"column":13}},"11":{"start":{"line":20,"column":8},"end":{"line":20,"column":null}},"12":{"start":{"line":21,"column":8},"end":{"line":21,"column":null}},"13":{"start":{"line":22,"column":8},"end":{"line":22,"column":null}},"14":{"start":{"line":23,"column":8},"end":{"line":23,"column":null}},"15":{"start":{"line":23,"column":59},"end":{"line":23,"column":80}},"16":{"start":{"line":17,"column":0},"end":{"line":17,"column":13}}},"fnMap":{"0":{"name":"(anonymous_0)","decl":{"start":{"line":6,"column":4},"end":{"line":6,"column":16}},"loc":{"start":{"line":6,"column":21},"end":{"line":14,"column":5}}},"1":{"name":"(anonymous_1)","decl":{"start":{"line":13,"column":54},"end":{"line":13,"column":55}},"loc":{"start":{"line":13,"column":59},"end":{"line":13,"column":80}}},"2":{"name":"(anonymous_2)","decl":{"start":{"line":19,"column":4},"end":{"line":19,"column":16}},"loc":{"start":{"line":19,"column":21},"end":{"line":24,"column":5}}},"3":{"name":"(anonymous_3)","decl":{"start":{"line":23,"column":54},"end":{"line":23,"column":55}},"loc":{"start":{"line":23,"column":59},"end":{"line":23,"column":80}}}},"branchMap":{"0":{"loc":{"start":{"line":13,"column":22},"end":{"line":13,"column":88}},"type":"cond-expr","locations":[{"start":{"line":13,"column":37},"end":{"line":13,"column":81}},{"start":{"line":13,"column":84},"end":{"line":13,"column":88}}]},"1":{"loc":{"start":{"line":23,"column":22},"end":{"line":23,"column":88}},"type":"cond-expr","locations":[{"start":{"line":23,"column":37},"end":{"line":23,"column":81}},{"start":{"line":23,"column":84},"end":{"line":23,"column":88}}]}},"s":{"0":3,"1":3,"2":2,"3":2,"4":2,"5":2,"6":2,"7":2,"8":2,"9":1,"10":3,"11":2,"12":2,"13":2,"14":2,"15":1,"16":3},"f":{"0":2,"1":1,"2":2,"3":1},"b":{"0":[1,1],"1":[1,1]}}
,"C:\\Packsys\\NetBeansProjects\\graphql\\src\\dtos\\BlogDTO.ts": {"path":"C:\\Packsys\\NetBeansProjects\\graphql\\src\\dtos\\BlogDTO.ts","statementMap":{"0":{"start":{"line":4,"column":8},"end":{"line":4,"column":null}},"1":{"start":{"line":5,"column":8},"end":{"line":5,"column":null}},"2":{"start":{"line":6,"column":8},"end":{"line":6,"column":null}},"3":{"start":{"line":7,"column":8},"end":{"line":7,"column":null}},"4":{"start":{"line":8,"column":8},"end":{"line":8,"column":null}},"5":{"start":{"line":9,"column":8},"end":{"line":9,"column":null}},"6":{"start":{"line":10,"column":8},"end":{"line":10,"column":null}},"7":{"start":{"line":11,"column":8},"end":{"line":11,"column":null}},"8":{"start":{"line":12,"column":8},"end":{"line":12,"column":null}},"9":{"start":{"line":13,"column":8},"end":{"line":13,"column":null}},"10":{"start":{"line":1,"column":0},"end":{"line":1,"column":21}}},"fnMap":{"0":{"name":"(anonymous_0)","decl":{"start":{"line":3,"column":4},"end":{"line":3,"column":16}},"loc":{"start":{"line":3,"column":20},"end":{"line":14,"column":5}}}},"branchMap":{},"s":{"0":12,"1":12,"2":12,"3":12,"4":12,"5":12,"6":12,"7":12,"8":12,"9":12,"10":3},"f":{"0":12},"b":{}}
,"C:\\Packsys\\NetBeansProjects\\graphql\\src\\dtos\\BlogMutationDTO.ts": {"path":"C:\\Packsys\\NetBeansProjects\\graphql\\src\\dtos\\BlogMutationDTO.ts","statementMap":{"0":{"start":{"line":1,"column":0},"end":{"line":1,"column":36}},"1":{"start":{"line":2,"column":0},"end":{"line":2,"column":74}},"2":{"start":{"line":3,"column":0},"end":{"line":3,"column":74}},"3":{"start":{"line":4,"column":0},"end":{"line":4,"column":62}},"4":{"start":{"line":5,"column":0},"end":{"line":5,"column":77}},"5":{"start":{"line":11,"column":8},"end":{"line":11,"column":null}},"6":{"start":{"line":12,"column":8},"end":{"line":12,"column":null}},"7":{"start":{"line":13,"column":8},"end":{"line":13,"column":null}},"8":{"start":{"line":14,"column":8},"end":{"line":14,"column":null}},"9":{"start":{"line":15,"column":8},"end":{"line":15,"column":null}},"10":{"start":{"line":16,"column":8},"end":{"line":16,"column":null}},"11":{"start":{"line":17,"column":8},"end":{"line":17,"column":null}},"12":{"start":{"line":18,"column":8},"end":{"line":18,"column":null}},"13":{"start":{"line":19,"column":8},"end":{"line":19,"column":null}},"14":{"start":{"line":20,"column":8},"end":{"line":20,"column":null}},"15":{"start":{"line":20,"column":65},"end":{"line":20,"column":88}},"16":{"start":{"line":21,"column":8},"end":{"line":21,"column":null}},"17":{"start":{"line":21,"column":65},"end":{"line":21,"column":88}},"18":{"start":{"line":22,"column":8},"end":{"line":22,"column":null}},"19":{"start":{"line":22,"column":53},"end":{"line":22,"column":72}},"20":{"start":{"line":23,"column":8},"end":{"line":23,"column":null}},"21":{"start":{"line":23,"column":71},"end":{"line":23,"column":95}},"22":{"start":{"line":8,"column":0},"end":{"line":8,"column":13}},"23":{"start":{"line":30,"column":8},"end":{"line":30,"column":null}},"24":{"start":{"line":31,"column":8},"end":{"line":31,"column":null}},"25":{"start":{"line":32,"column":8},"end":{"line":32,"column":null}},"26":{"start":{"line":33,"column":8},"end":{"line":33,"column":null}},"27":{"start":{"line":34,"column":8},"end":{"line":34,"column":null}},"28":{"start":{"line":35,"column":8},"end":{"line":35,"column":null}},"29":{"start":{"line":36,"column":8},"end":{"line":36,"column":null}},"30":{"start":{"line":36,"column":65},"end":{"line":36,"column":88}},"31":{"start":{"line":37,"column":8},"end":{"line":37,"column":null}},"32":{"start":{"line":37,"column":65},"end":{"line":37,"column":88}},"33":{"start":{"line":38,"column":8},"end":{"line":38,"column":null}},"34":{"start":{"line":38,"column":53},"end":{"line":38,"column":72}},"35":{"start":{"line":39,"column":8},"end":{"line":39,"column":null}},"36":{"start":{"line":39,"column":71},"end":{"line":39,"column":95}},"37":{"start":{"line":27,"column":0},"end":{"line":27,"column":13}}},"fnMap":{"0":{"name":"(anonymous_0)","decl":{"start":{"line":10,"column":4},"end":{"line":10,"column":16}},"loc":{"start":{"line":10,"column":21},"end":{"line":24,"column":5}}},"1":{"name":"(anonymous_1)","decl":{"start":{"line":20,"column":60},"end":{"line":20,"column":61}},"loc":{"start":{"line":20,"column":65},"end":{"line":20,"column":88}}},"2":{"name":"(anonymous_2)","decl":{"start":{"line":21,"column":60},"end":{"line":21,"column":61}},"loc":{"start":{"line":21,"column":65},"end":{"line":21,"column":88}}},"3":{"name":"(anonymous_3)","decl":{"start":{"line":22,"column":48},"end":{"line":22,"column":49}},"loc":{"start":{"line":22,"column":53},"end":{"line":22,"column":72}}},"4":{"name":"(anonymous_4)","decl":{"start":{"line":23,"column":66},"end":{"line":23,"column":67}},"loc":{"start":{"line":23,"column":71},"end":{"line":23,"column":95}}},"5":{"name":"(anonymous_5)","decl":{"start":{"line":29,"column":4},"end":{"line":29,"column":16}},"loc":{"start":{"line":29,"column":21},"end":{"line":40,"column":5}}},"6":{"name":"(anonymous_6)","decl":{"start":{"line":36,"column":60},"end":{"line":36,"column":61}},"loc":{"start":{"line":36,"column":65},"end":{"line":36,"column":88}}},"7":{"name":"(anonymous_7)","decl":{"start":{"line":37,"column":60},"end":{"line":37,"column":61}},"loc":{"start":{"line":37,"column":65},"end":{"line":37,"column":88}}},"8":{"name":"(anonymous_8)","decl":{"start":{"line":38,"column":48},"end":{"line":38,"column":49}},"loc":{"start":{"line":38,"column":53},"end":{"line":38,"column":72}}},"9":{"name":"(anonymous_9)","decl":{"start":{"line":39,"column":66},"end":{"line":39,"column":67}},"loc":{"start":{"line":39,"column":71},"end":{"line":39,"column":95}}}},"branchMap":{"0":{"loc":{"start":{"line":20,"column":24},"end":{"line":20,"column":96}},"type":"cond-expr","locations":[{"start":{"line":20,"column":41},"end":{"line":20,"column":89}},{"start":{"line":20,"column":92},"end":{"line":20,"column":96}}]},"1":{"loc":{"start":{"line":21,"column":24},"end":{"line":21,"column":96}},"type":"cond-expr","locations":[{"start":{"line":21,"column":41},"end":{"line":21,"column":89}},{"start":{"line":21,"column":92},"end":{"line":21,"column":96}}]},"2":{"loc":{"start":{"line":22,"column":20},"end":{"line":22,"column":80}},"type":"cond-expr","locations":[{"start":{"line":22,"column":33},"end":{"line":22,"column":73}},{"start":{"line":22,"column":76},"end":{"line":22,"column":80}}]},"3":{"loc":{"start":{"line":23,"column":26},"end":{"line":23,"column":103}},"type":"cond-expr","locations":[{"start":{"line":23,"column":45},"end":{"line":23,"column":96}},{"start":{"line":23,"column":99},"end":{"line":23,"column":103}}]},"4":{"loc":{"start":{"line":36,"column":24},"end":{"line":36,"column":96}},"type":"cond-expr","locations":[{"start":{"line":36,"column":41},"end":{"line":36,"column":89}},{"start":{"line":36,"column":92},"end":{"line":36,"column":96}}]},"5":{"loc":{"start":{"line":37,"column":24},"end":{"line":37,"column":96}},"type":"cond-expr","locations":[{"start":{"line":37,"column":41},"end":{"line":37,"column":89}},{"start":{"line":37,"column":92},"end":{"line":37,"column":96}}]},"6":{"loc":{"start":{"line":38,"column":20},"end":{"line":38,"column":80}},"type":"cond-expr","locations":[{"start":{"line":38,"column":33},"end":{"line":38,"column":73}},{"start":{"line":38,"column":76},"end":{"line":38,"column":80}}]},"7":{"loc":{"start":{"line":39,"column":26},"end":{"line":39,"column":103}},"type":"cond-expr","locations":[{"start":{"line":39,"column":45},"end":{"line":39,"column":96}},{"start":{"line":39,"column":99},"end":{"line":39,"column":103}}]}},"s":{"0":3,"1":3,"2":3,"3":3,"4":3,"5":2,"6":2,"7":2,"8":2,"9":2,"10":2,"11":2,"12":2,"13":2,"14":2,"15":0,"16":2,"17":1,"18":2,"19":1,"20":2,"21":0,"22":3,"23":2,"24":2,"25":2,"26":2,"27":2,"28":2,"29":2,"30":0,"31":2,"32":1,"33":2,"34":1,"35":2,"36":0,"37":3},"f":{"0":2,"1":0,"2":1,"3":1,"4":0,"5":2,"6":0,"7":1,"8":1,"9":0},"b":{"0":[0,2],"1":[1,1],"2":[1,1],"3":[0,2],"4":[0,2],"5":[1,1],"6":[1,1],"7":[0,2]}}
,"C:\\Packsys\\NetBeansProjects\\graphql\\src\\dtos\\CandidateDTO.ts": {"path":"C:\\Packsys\\NetBeansProjects\\graphql\\src\\dtos\\CandidateDTO.ts","statementMap":{"0":{"start":{"line":4,"column":8},"end":{"line":4,"column":null}},"1":{"start":{"line":5,"column":8},"end":{"line":5,"column":null}},"2":{"start":{"line":6,"column":8},"end":{"line":6,"column":null}},"3":{"start":{"line":7,"column":8},"end":{"line":7,"column":null}},"4":{"start":{"line":8,"column":8},"end":{"line":8,"column":null}},"5":{"start":{"line":9,"column":8},"end":{"line":9,"column":null}},"6":{"start":{"line":10,"column":8},"end":{"line":10,"column":null}},"7":{"start":{"line":11,"column":8},"end":{"line":11,"column":null}},"8":{"start":{"line":12,"column":8},"end":{"line":12,"column":null}},"9":{"start":{"line":13,"column":8},"end":{"line":13,"column":null}},"10":{"start":{"line":14,"column":8},"end":{"line":14,"column":null}},"11":{"start":{"line":15,"column":8},"end":{"line":15,"column":null}},"12":{"start":{"line":16,"column":8},"end":{"line":16,"column":null}},"13":{"start":{"line":17,"column":8},"end":{"line":17,"column":null}},"14":{"start":{"line":18,"column":8},"end":{"line":18,"column":null}},"15":{"start":{"line":1,"column":0},"end":{"line":1,"column":21}}},"fnMap":{"0":{"name":"(anonymous_0)","decl":{"start":{"line":3,"column":4},"end":{"line":3,"column":16}},"loc":{"start":{"line":3,"column":25},"end":{"line":19,"column":5}}}},"branchMap":{},"s":{"0":6,"1":6,"2":6,"3":6,"4":6,"5":6,"6":6,"7":6,"8":6,"9":6,"10":6,"11":6,"12":6,"13":6,"14":6,"15":3},"f":{"0":6},"b":{}}
,"C:\\Packsys\\NetBeansProjects\\graphql\\src\\dtos\\CandidateMutationDTO.ts": {"path":"C:\\Packsys\\NetBeansProjects\\graphql\\src\\dtos\\CandidateMutationDTO.ts","statementMap":{"0":{"start":{"line":1,"column":0},"end":{"line":1,"column":36}},"1":{"start":{"line":6,"column":8},"end":{"line":6,"column":null}},"2":{"start":{"line":7,"column":8},"end":{"line":7,"column":null}},"3":{"start":{"line":8,"column":8},"end":{"line":8,"column":null}},"4":{"start":{"line":9,"column":8},"end":{"line":9,"column":null}},"5":{"start":{"line":10,"column":8},"end":{"line":10,"column":null}},"6":{"start":{"line":11,"column":8},"end":{"line":11,"column":null}},"7":{"start":{"line":12,"column":8},"end":{"line":12,"column":null}},"8":{"start":{"line":13,"column":8},"end":{"line":13,"column":null}},"9":{"start":{"line":14,"column":8},"end":{"line":14,"column":null}},"10":{"start":{"line":15,"column":8},"end":{"line":15,"column":null}},"11":{"start":{"line":16,"column":8},"end":{"line":16,"column":null}},"12":{"start":{"line":17,"column":8},"end":{"line":17,"column":null}},"13":{"start":{"line":18,"column":8},"end":{"line":18,"column":null}},"14":{"start":{"line":19,"column":8},"end":{"line":19,"column":null}},"15":{"start":{"line":3,"column":0},"end":{"line":3,"column":13}},"16":{"start":{"line":26,"column":8},"end":{"line":26,"column":null}},"17":{"start":{"line":27,"column":8},"end":{"line":27,"column":null}},"18":{"start":{"line":28,"column":8},"end":{"line":28,"column":null}},"19":{"start":{"line":29,"column":8},"end":{"line":29,"column":null}},"20":{"start":{"line":30,"column":8},"end":{"line":30,"column":null}},"21":{"start":{"line":31,"column":8},"end":{"line":31,"column":null}},"22":{"start":{"line":32,"column":8},"end":{"line":32,"column":null}},"23":{"start":{"line":33,"column":8},"end":{"line":33,"column":null}},"24":{"start":{"line":34,"column":8},"end":{"line":34,"column":null}},"25":{"start":{"line":35,"column":8},"end":{"line":35,"column":null}},"26":{"start":{"line":36,"column":8},"end":{"line":36,"column":null}},"27":{"start":{"line":23,"column":0},"end":{"line":23,"column":13}}},"fnMap":{"0":{"name":"(anonymous_0)","decl":{"start":{"line":5,"column":4},"end":{"line":5,"column":16}},"loc":{"start":{"line":5,"column":21},"end":{"line":20,"column":5}}},"1":{"name":"(anonymous_1)","decl":{"start":{"line":25,"column":4},"end":{"line":25,"column":16}},"loc":{"start":{"line":25,"column":21},"end":{"line":37,"column":5}}}},"branchMap":{},"s":{"0":3,"1":4,"2":4,"3":4,"4":4,"5":4,"6":4,"7":4,"8":4,"9":4,"10":4,"11":4,"12":4,"13":4,"14":4,"15":3,"16":2,"17":2,"18":2,"19":2,"20":2,"21":2,"22":2,"23":2,"24":2,"25":2,"26":2,"27":3},"f":{"0":4,"1":2},"b":{}}
,"C:\\Packsys\\NetBeansProjects\\graphql\\src\\dtos\\CategoryDTO.ts": {"path":"C:\\Packsys\\NetBeansProjects\\graphql\\src\\dtos\\CategoryDTO.ts","statementMap":{"0":{"start":{"line":4,"column":8},"end":{"line":4,"column":null}},"1":{"start":{"line":1,"column":0},"end":{"line":1,"column":21}}},"fnMap":{"0":{"name":"(anonymous_0)","decl":{"start":{"line":3,"column":4},"end":{"line":3,"column":16}},"loc":{"start":{"line":3,"column":21},"end":{"line":5,"column":5}}}},"branchMap":{},"s":{"0":1,"1":2},"f":{"0":1},"b":{}}
,"C:\\Packsys\\NetBeansProjects\\graphql\\src\\dtos\\CategoryMutationDTO.ts": {"path":"C:\\Packsys\\NetBeansProjects\\graphql\\src\\dtos\\CategoryMutationDTO.ts","statementMap":{"0":{"start":{"line":4,"column":8},"end":{"line":4,"column":null}},"1":{"start":{"line":5,"column":8},"end":{"line":5,"column":null}},"2":{"start":{"line":1,"column":0},"end":{"line":1,"column":13}},"3":{"start":{"line":12,"column":8},"end":{"line":12,"column":null}},"4":{"start":{"line":13,"column":8},"end":{"line":13,"column":null}},"5":{"start":{"line":9,"column":0},"end":{"line":9,"column":13}}},"fnMap":{"0":{"name":"(anonymous_0)","decl":{"start":{"line":3,"column":4},"end":{"line":3,"column":16}},"loc":{"start":{"line":3,"column":21},"end":{"line":6,"column":5}}},"1":{"name":"(anonymous_1)","decl":{"start":{"line":11,"column":4},"end":{"line":11,"column":16}},"loc":{"start":{"line":11,"column":21},"end":{"line":14,"column":5}}}},"branchMap":{},"s":{"0":0,"1":0,"2":3,"3":0,"4":0,"5":3},"f":{"0":0,"1":0},"b":{}}
,"C:\\Packsys\\NetBeansProjects\\graphql\\src\\dtos\\CommentDTO.ts": {"path":"C:\\Packsys\\NetBeansProjects\\graphql\\src\\dtos\\CommentDTO.ts","statementMap":{"0":{"start":{"line":4,"column":8},"end":{"line":4,"column":null}},"1":{"start":{"line":5,"column":8},"end":{"line":5,"column":null}},"2":{"start":{"line":6,"column":8},"end":{"line":6,"column":null}},"3":{"start":{"line":7,"column":8},"end":{"line":7,"column":null}},"4":{"start":{"line":8,"column":8},"end":{"line":8,"column":null}},"5":{"start":{"line":9,"column":8},"end":{"line":9,"column":null}},"6":{"start":{"line":10,"column":8},"end":{"line":10,"column":null}},"7":{"start":{"line":11,"column":8},"end":{"line":11,"column":null}},"8":{"start":{"line":1,"column":0},"end":{"line":1,"column":21}}},"fnMap":{"0":{"name":"(anonymous_0)","decl":{"start":{"line":3,"column":4},"end":{"line":3,"column":16}},"loc":{"start":{"line":3,"column":23},"end":{"line":12,"column":5}}}},"branchMap":{},"s":{"0":6,"1":6,"2":6,"3":6,"4":6,"5":6,"6":6,"7":6,"8":3},"f":{"0":6},"b":{}}
[...]
t":{"line":67,"column":65},"end":{"line":69,"column":3}}},"7":{"name":"(anonymous_8)","decl":{"start":{"line":71,"column":17},"end":{"line":71,"column":18}},"loc":{"start":{"line":71,"column":29},"end":{"line":88,"column":3}}},"8":{"name":"(anonymous_9)","decl":{"start":{"line":72,"column":17},"end":{"line":72,"column":18}},"loc":{"start":{"line":72,"column":41},"end":{"line":80,"column":5}}},"9":{"name":"(anonymous_10)","decl":{"start":{"line":97,"column":22},"end":{"line":97,"column":27}},"loc":{"start":{"line":97,"column":78},"end":{"line":121,"column":1}}},"10":{"name":"(anonymous_11)","decl":{"start":{"line":103,"column":31},"end":{"line":103,"column":32}},"loc":{"start":{"line":103,"column":42},"end":{"line":112,"column":3}}},"11":{"name":"(anonymous_12)","decl":{"start":{"line":123,"column":30},"end":{"line":123,"column":35}},"loc":{"start":{"line":123,"column":86},"end":{"line":131,"column":1}}},"12":{"name":"(anonymous_13)","decl":{"start":{"line":133,"column":22},"end":{"line":133,"column":27}},"loc":{"start":{"line":133,"column":81},"end":{"line":170,"column":1}}},"13":{"name":"(anonymous_14)","decl":{"start":{"line":141,"column":19},"end":{"line":141,"column":20}},"loc":{"start":{"line":141,"column":30},"end":{"line":144,"column":5}}},"14":{"name":"(anonymous_15)","decl":{"start":{"line":151,"column":17},"end":{"line":151,"column":18}},"loc":{"start":{"line":151,"column":28},"end":{"line":156,"column":5}}},"15":{"name":"(anonymous_16)","decl":{"start":{"line":172,"column":23},"end":{"line":172,"column":28}},"loc":{"start":{"line":172,"column":82},"end":{"line":187,"column":1}}}},"branchMap":{"0":{"loc":{"start":{"line":32,"column":6},"end":{"line":38,"column":7}},"type":"if","locations":[{"start":{"line":32,"column":6},"end":{"line":38,"column":7}},{"start":{"line":34,"column":13},"end":{"line":38,"column":7}}]},"1":{"loc":{"start":{"line":32,"column":10},"end":{"line":32,"column":75}},"type":"binary-expr","locations":[{"start":{"line":32,"column":10},"end":{"line":32,"column":31}},{"start":{"line":32,"column":36},"end":{"line":32,"column":54}},{"start":{"line":32,"column":58},"end":{"line":32,"column":74}}]},"2":{"loc":{"start":{"line":34,"column":13},"end":{"line":38,"column":7}},"type":"if","locations":[{"start":{"line":34,"column":13},"end":{"line":38,"column":7}},{"start":{"line":36,"column":13},"end":{"line":38,"column":7}}]},"3":{"loc":{"start":{"line":36,"column":13},"end":{"line":38,"column":7}},"type":"if","locations":[{"start":{"line":36,"column":13},"end":{"line":38,"column":7}}]},"4":{"loc":{"start":{"line":36,"column":17},"end":{"line":36,"column":44}},"type":"binary-expr","locations":[{"start":{"line":36,"column":17},"end":{"line":36,"column":26}},{"start":{"line":36,"column":30},"end":{"line":36,"column":44}}]},"5":{"loc":{"start":{"line":42,"column":4},"end":{"line":44,"column":5}},"type":"if","locations":[{"start":{"line":42,"column":4},"end":{"line":44,"column":5}}]},"6":{"loc":{"start":{"line":42,"column":8},"end":{"line":42,"column":50}},"type":"binary-expr","locations":[{"start":{"line":42,"column":8},"end":{"line":42,"column":25}},{"start":{"line":42,"column":29},"end":{"line":42,"column":50}}]},"7":{"loc":{"start":{"line":73,"column":6},"end":{"line":79,"column":7}},"type":"if","locations":[{"start":{"line":73,"column":6},"end":{"line":79,"column":7}},{"start":{"line":75,"column":13},"end":{"line":79,"column":7}}]},"8":{"loc":{"start":{"line":73,"column":10},"end":{"line":73,"column":75}},"type":"binary-expr","locations":[{"start":{"line":73,"column":10},"end":{"line":73,"column":31}},{"start":{"line":73,"column":36},"end":{"line":73,"column":54}},{"start":{"line":73,"column":58},"end":{"line":73,"column":74}}]},"9":{"loc":{"start":{"line":75,"column":13},"end":{"line":79,"column":7}},"type":"if","locations":[{"start":{"line":75,"column":13},"end":{"line":79,"column":7}},{"start":{"line":77,"column":13},"end":{"line":79,"column":7}}]},"10":{"loc":{"start":{"line":77,"column":13},"end":{"line":79,"column":7}},"type":"if","locations":[{"start":{"line":77,"column":13},"end":{"line":79,"column":7}}]},"11":{"loc":{"start":{"line":77,"column":17},"end":{"line":77,"column":44}},"type":"binary-expr","locations":[{"start":{"line":77,"column":17},"end":{"line":77,"column":26}},{"start":{"line":77,"column":30},"end":{"line":77,"column":44}}]},"12":{"loc":{"start":{"line":84,"column":4},"end":{"line":86,"column":5}},"type":"if","locations":[{"start":{"line":84,"column":4},"end":{"line":86,"column":5}}]},"13":{"loc":{"start":{"line":84,"column":8},"end":{"line":84,"column":50}},"type":"binary-expr","locations":[{"start":{"line":84,"column":8},"end":{"line":84,"column":25}},{"start":{"line":84,"column":29},"end":{"line":84,"column":50}}]},"14":{"loc":{"start":{"line":104,"column":4},"end":{"line":111,"column":5}},"type":"if","locations":[{"start":{"line":104,"column":4},"end":{"line":111,"column":5}}]},"15":{"loc":{"start":{"line":105,"column":6},"end":{"line":109,"column":7}},"type":"if","locations":[{"start":{"line":105,"column":6},"end":{"line":109,"column":7}},{"start":{"line":107,"column":13},"end":{"line":109,"column":7}}]},"16":{"loc":{"start":{"line":105,"column":10},"end":{"line":105,"column":75}},"type":"binary-expr","locations":[{"start":{"line":105,"column":10},"end":{"line":105,"column":31}},{"start":{"line":105,"column":36},"end":{"line":105,"column":54}},{"start":{"line":105,"column":58},"end":{"line":105,"column":74}}]},"17":{"loc":{"start":{"line":107,"column":13},"end":{"line":109,"column":7}},"type":"if","locations":[{"start":{"line":107,"column":13},"end":{"line":109,"column":7}}]},"18":{"loc":{"start":{"line":126,"column":2},"end":{"line":130,"column":3}},"type":"if","locations":[{"start":{"line":126,"column":2},"end":{"line":130,"column":3}},{"start":{"line":128,"column":9},"end":{"line":130,"column":3}}]},"19":{"loc":{"start":{"line":139,"column":2},"end":{"line":148,"column":3}},"type":"if","locations":[{"start":{"line":139,"column":2},"end":{"line":148,"column":3}},{"start":{"line":146,"column":9},"end":{"line":148,"column":3}}]},"20":{"loc":{"start":{"line":143,"column":46},"end":{"line":143,"column":58}},"type":"binary-expr","locations":[{"start":{"line":143,"column":46},"end":{"line":143,"column":48}},{"start":{"line":143,"column":52},"end":{"line":143,"column":58}}]},"21":{"loc":{"start":{"line":150,"column":2},"end":{"line":157,"column":3}},"type":"if","locations":[{"start":{"line":150,"column":2},"end":{"line":157,"column":3}}]},"22":{"loc":{"start":{"line":154,"column":23},"end":{"line":154,"column":43}},"type":"binary-expr","locations":[{"start":{"line":154,"column":23},"end":{"line":154,"column":27}},{"start":{"line":154,"column":31},"end":{"line":154,"column":43}}]},"23":{"loc":{"start":{"line":159,"column":2},"end":{"line":161,"column":3}},"type":"if","locations":[{"start":{"line":159,"column":2},"end":{"line":161,"column":3}}]},"24":{"loc":{"start":{"line":163,"column":2},"end":{"line":167,"column":3}},"type":"if","locations":[{"start":{"line":163,"column":2},"end":{"line":167,"column":3}},{"start":{"line":165,"column":9},"end":{"line":167,"column":3}}]},"25":{"loc":{"start":{"line":163,"column":6},"end":{"line":163,"column":37}},"type":"binary-expr","locations":[{"start":{"line":163,"column":6},"end":{"line":163,"column":19}},{"start":{"line":163,"column":23},"end":{"line":163,"column":37}}]},"26":{"loc":{"start":{"line":165,"column":9},"end":{"line":167,"column":3}},"type":"if","locations":[{"start":{"line":165,"column":9},"end":{"line":167,"column":3}}]},"27":{"loc":{"start":{"line":178,"column":2},"end":{"line":184,"column":3}},"type":"if","locations":[{"start":{"line":178,"column":2},"end":{"line":184,"column":3}},{"start":{"line":180,"column":9},"end":{"line":184,"column":3}}]},"28":{"loc":{"start":{"line":180,"column":9},"end":{"line":184,"column":3}},"type":"if","locations":[{"start":{"line":180,"column":9},"end":{"line":184,"column":3}},{"start":{"line":182,"column":9},"end":{"line":184,"column":3}}]}},"s":{"0":1,"1":1,"2":1,"3":1,"4":1,"5":1,"6":1,"7":1,"8":2,"9":2,"10":1,"11":1,"12":1,"13":1,"14":1,"15":2,"16":6,"17":2,"18":4,"19":1,"20":3,"21":2,"22":2,"23":2,"24":1,"25":2,"26":1,"27":1,"28":1,"29":1,"30":1,"31":1,"32":2,"33":2,"34":2,"35":2,"36":2,"37":2,"38":2,"39":2,"40":2,"41":0,"42":2,"43":2,"44":6,"45":2,"46":4,"47":1,"48":3,"49":1,"50":2,"51":2,"52":0,"53":2,"54":2,"55":2,"56":2,"57":2,"58":1,"59":1,"60":2,"61":2,"62":2,"63":2,"64":6,"65":4,"66":2,"67":2,"68":1,"69":4,"70":2,"71":2,"72":2,"73":2,"74":2,"75":1,"76":1,"77":2,"78":2,"79":1,"80":1,"81":1,"82":1,"83":2,"84":2,"85":2,"86":2,"87":1,"88":1,"89":2,"90":2,"91":1,"92":1,"93":2,"94":1,"95":1,"96":1,"97":1,"98":1,"99":2,"100":1,"101":2,"102":1,"103":1,"104":1,"105":2,"106":1,"107":1,"108":3,"109":3,"110":3,"111":3,"112":1,"113":2,"114":1,"115":1,"116":3,"117":1,"118":1},"f":{"0":1,"1":2,"2":1,"3":2,"4":6,"5":2,"6":0,"7":2,"8":6,"9":2,"10":6,"11":2,"12":2,"13":2,"14":1,"15":3},"b":{"0":[2,4],"1":[6,3,2],"2":[1,3],"3":[2],"4":[3,1],"5":[1],"6":[2,2],"7":[2,4],"8":[6,3,2],"9":[1,3],"10":[1],"11":[3,2],"12":[0],"13":[2,0],"14":[4],"15":[2,2],"16":[4,3,2],"17":[1],"18":[1,1],"19":[1,1],"20":[2,1],"21":[1],"22":[1,0],"23":[1],"24":[1,1],"25":[2,2],"26":[1],"27":[1,2],"28":[1,1]}}
,"C:\\Packsys\\NetBeansProjects\\graphql\\src\\validation\\cpfValidator.ts": {"path":"C:\\Packsys\\NetBeansProjects\\graphql\\src\\validation\\cpfValidator.ts","statementMap":{"0":{"start":{"line":4,"column":27},"end":{"line":66,"column":1}},"1":{"start":{"line":5,"column":4},"end":{"line":5,"column":52}},"2":{"start":{"line":5,"column":39},"end":{"line":5,"column":52}},"3":{"start":{"line":8,"column":18},"end":{"line":8,"column":34}},"4":{"start":{"line":10,"column":15},"end":{"line":10,"column":17}},"5":{"start":{"line":12,"column":14},"end":{"line":12,"column":15}},"6":{"start":{"line":18,"column":21},"end":{"line":24,"column":5}},"7":{"start":{"line":19,"column":19},"end":{"line":19,"column":21}},"8":{"start":{"line":20,"column":8},"end":{"line":22,"column":9}},"9":{"start":{"line":20,"column":21},"end":{"line":20,"column":25}},"10":{"start":{"line":21,"column":12},"end":{"line":21,"column":null}},"11":{"start":{"line":23,"column":8},"end":{"line":23,"column":20}},"12":{"start":{"line":26,"column":23},"end":{"line":32,"column":5}},"13":{"start":{"line":27,"column":18},"end":{"line":27,"column":19}},"14":{"start":{"line":28,"column":8},"end":{"line":30,"column":9}},"15":{"start":{"line":28,"column":21},"end":{"line":28,"column":22}},"16":{"start":{"line":29,"column":12},"end":{"line":29,"column":null}},"17":{"start":{"line":31,"column":8},"end":{"line":31,"column":19}},"18":{"start":{"line":34,"column":22},"end":{"line":41,"column":5}},"19":{"start":{"line":35,"column":18},"end":{"line":35,"column":26}},"20":{"start":{"line":36,"column":8},"end":{"line":40,"column":9}},"21":{"start":{"line":37,"column":12},"end":{"line":37,"column":null}},"22":{"start":{"line":39,"column":12},"end":{"line":39,"column":null}},"23":{"start":{"line":43,"column":4},"end":{"line":43,"column":null}},"24":{"start":{"line":45,"column":4},"end":{"line":45,"column":null}},"25":{"start":{"line":47,"column":4},"end":{"line":47,"column":null}},"26":{"start":{"line":49,"column":4},"end":{"line":49,"column":14}},"27":{"start":{"line":50,"column":4},"end":{"line":50,"column":12}},"28":{"start":{"line":51,"column":4},"end":{"line":51,"column":15}},"29":{"start":{"line":53,"column":4},"end":{"line":53,"column":26}},"30":{"start":{"line":55,"column":4},"end":{"line":55,"column":null}},"31":{"start":{"line":57,"column":4},"end":{"line":57,"column":null}},"32":{"start":{"line":59,"column":4},"end":{"line":59,"column":null}},"33":{"start":{"line":61,"column":4},"end":{"line":61,"column":26}},"34":{"start":{"line":63,"column":4},"end":{"line":63,"column":null}},"35":{"start":{"line":65,"column":4},"end":{"line":65,"column":null}},"36":{"start":{"line":4,"column":13},"end":{"line":4,"column":27}}},"fnMap":{"0":{"name":"(anonymous_0)","decl":{"start":{"line":4,"column":27},"end":{"line":4,"column":28}},"loc":{"start":{"line":4,"column":43},"end":{"line":66,"column":1}}},"1":{"name":"(anonymous_1)","decl":{"start":{"line":18,"column":21},"end":{"line":18,"column":22}},"loc":{"start":{"line":18,"column":30},"end":{"line":24,"column":5}}},"2":{"name":"(anonymous_2)","decl":{"start":{"line":26,"column":23},"end":{"line":26,"column":24}},"loc":{"start":{"line":26,"column":34},"end":{"line":32,"column":5}}},"3":{"name":"(anonymous_3)","decl":{"start":{"line":34,"column":22},"end":{"line":34,"column":23}},"loc":{"start":{"line":34,"column":30},"end":{"line":41,"column":5}}}},"branchMap":{"0":{"loc":{"start":{"line":5,"column":4},"end":{"line":5,"column":52}},"type":"if","locations":[{"start":{"line":5,"column":4},"end":{"line":5,"column":52}}]},"1":{"loc":{"start":{"line":5,"column":8},"end":{"line":5,"column":37}},"type":"binary-expr","locations":[{"start":{"line":5,"column":8},"end":{"line":5,"column":12}},{"start":{"line":5,"column":16},"end":{"line":5,"column":37}}]},"2":{"loc":{"start":{"line":36,"column":8},"end":{"line":40,"column":9}},"type":"if","locations":[{"start":{"line":36,"column":8},"end":{"line":40,"column":9}},{"start":{"line":38,"column":15},"end":{"line":40,"column":9}}]}},"s":{"0":3,"1":6,"2":2,"3":4,"4":4,"5":4,"6":4,"7":8,"8":8,"9":8,"10":76,"11":8,"12":4,"13":8,"14":8,"15":8,"16":76,"17":8,"18":4,"19":8,"20":8,"21":1,"22":7,"23":4,"24":4,"25":4,"26":4,"27":4,"28":4,"29":4,"30":4,"31":4,"32":4,"33":4,"34":4,"35":4,"36":3},"f":{"0":6,"1":8,"2":8,"3":8},"b":{"0":[2],"1":[6,5],"2":[1,7]}}
,"C:\\Packsys\\NetBeansProjects\\graphql\\src\\workers\\notification_consumer.ts": {"path":"C:\\Packsys\\NetBeansProjects\\graphql\\src\\workers\\notification_consumer.ts","statementMap":{"0":{"start":{"line":1,"column":0},"end":{"line":1,"column":41}},"1":{"start":{"line":2,"column":0},"end":{"line":2,"column":69}},"2":{"start":{"line":4,"column":42},"end":{"line":33,"column":1}},"3":{"start":{"line":5,"column":2},"end":{"line":32,"column":3}},"4":{"start":{"line":6,"column":17},"end":{"line":6,"column":39}},"5":{"start":{"line":7,"column":55},"end":{"line":7,"column":59}},"6":{"start":{"line":9,"column":4},"end":{"line":11,"column":5}},"7":{"start":{"line":10,"column":6},"end":{"line":10,"column":79}},"8":{"start":{"line":13,"column":25},"end":{"line":20,"column":6}},"9":{"start":{"line":22,"column":4},"end":{"line":24,"column":5}},"10":{"start":{"line":23,"column":6},"end":{"line":23,"column":62}},"11":{"start":{"line":26,"column":4},"end":{"line":26,"column":76}},"12":{"start":{"line":28,"column":4},"end":{"line":28,"column":24}},"13":{"start":{"line":30,"column":4},"end":{"line":30,"column":67}},"14":{"start":{"line":31,"column":4},"end":{"line":31,"column":16}},"15":{"start":{"line":4,"column":13},"end":{"line":4,"column":42}},"16":{"start":{"line":35,"column":41},"end":{"line":39,"column":1}},"17":{"start":{"line":36,"column":2},"end":{"line":36,"column":40}},"18":{"start":{"line":36,"column":28},"end":{"line":36,"column":40}},"19":{"start":{"line":37,"column":21},"end":{"line":37,"column":43}},"20":{"start":{"line":38,"column":2},"end":{"line":38,"column":67}},"21":{"start":{"line":35,"column":13},"end":{"line":35,"column":41}}},"fnMap":{"0":{"name":"(anonymous_6)","decl":{"start":{"line":4,"column":42},"end":{"line":4,"column":47}},"loc":{"start":{"line":4,"column":104},"end":{"line":33,"column":1}}},"1":{"name":"(anonymous_7)","decl":{"start":{"line":35,"column":41},"end":{"line":35,"column":46}},"loc":{"start":{"line":35,"column":93},"end":{"line":39,"column":1}}}},"branchMap":{"0":{"loc":{"start":{"line":9,"column":4},"end":{"line":11,"column":5}},"type":"if","locations":[{"start":{"line":9,"column":4},"end":{"line":11,"column":5}}]},"1":{"loc":{"start":{"line":9,"column":8},"end":{"line":9,"column":43}},"type":"binary-expr","locations":[{"start":{"line":9,"column":8},"end":{"line":9,"column":15}},{"start":{"line":9,"column":19},"end":{"line":9,"column":24}},{"start":{"line":9,"column":28},"end":{"line":9,"column":34}},{"start":{"line":9,"column":38},"end":{"line":9,"column":43}}]},"2":{"loc":{"start":{"line":19,"column":12},"end":{"line":19,"column":60}},"type":"cond-expr","locations":[{"start":{"line":19,"column":26},"end":{"line":19,"column":53}},{"start":{"line":19,"column":56},"end":{"line":19,"column":60}}]},"3":{"loc":{"start":{"line":22,"column":4},"end":{"line":24,"column":5}},"type":"if","locations":[{"start":{"line":22,"column":4},"end":{"line":24,"column":5}}]},"4":{"loc":{"start":{"line":36,"column":2},"end":{"line":36,"column":40}},"type":"if","locations":[{"start":{"line":36,"column":2},"end":{"line":36,"column":40}}]},"5":{"loc":{"start":{"line":36,"column":6},"end":{"line":36,"column":26}},"type":"binary-expr","locations":[{"start":{"line":36,"column":6},"end":{"line":36,"column":10}},{"start":{"line":36,"column":14},"end":{"line":36,"column":26}}]}},"s":{"0":1,"1":1,"2":1,"3":3,"4":3,"5":3,"6":3,"7":1,"8":2,"9":2,"10":1,"11":2,"12":2,"13":1,"14":1,"15":1,"16":1,"17":3,"18":2,"19":1,"20":1,"21":1},"f":{"0":3,"1":3},"b":{"0":[1],"1":[3,3,2,2],"2":[1,1],"3":[1],"4":[2],"5":[3,2]}}
,"C:\\Packsys\\NetBeansProjects\\graphql\\src\\workers\\search_indexer_worker.ts": {"path":"C:\\Packsys\\NetBeansProjects\\graphql\\src\\workers\\search_indexer_worker.ts","statementMap":{"0":{"start":{"line":1,"column":0},"end":{"line":1,"column":80}},"1":{"start":{"line":3,"column":44},"end":{"line":18,"column":1}},"2":{"start":{"line":4,"column":2},"end":{"line":17,"column":3}},"3":{"start":{"line":5,"column":17},"end":{"line":5,"column":39}},"4":{"start":{"line":6,"column":44},"end":{"line":6,"column":48}},"5":{"start":{"line":8,"column":4},"end":{"line":12,"column":5}},"6":{"start":{"line":9,"column":6},"end":{"line":9,"column":54}},"7":{"start":{"line":10,"column":11},"end":{"line":12,"column":5}},"8":{"start":{"line":11,"column":6},"end":{"line":11,"column":45}},"9":{"start":{"line":13,"column":4},"end":{"line":13,"column":16}},"10":{"start":{"line":15,"column":4},"end":{"line":15,"column":69}},"11":{"start":{"line":16,"column":4},"end":{"line":16,"column":16}},"12":{"start":{"line":3,"column":13},"end":{"line":3,"column":44}},"13":{"start":{"line":20,"column":42},"end":{"line":24,"column":1}},"14":{"start":{"line":21,"column":2},"end":{"line":21,"column":40}},"15":{"start":{"line":21,"column":28},"end":{"line":21,"column":40}},"16":{"start":{"line":22,"column":21},"end":{"line":22,"column":43}},"17":{"start":{"line":23,"column":2},"end":{"line":23,"column":56}},"18":{"start":{"line":20,"column":13},"end":{"line":20,"column":42}}},"fnMap":{"0":{"name":"(anonymous_0)","decl":{"start":{"line":3,"column":44},"end":{"line":3,"column":49}},"loc":{"start":{"line":3,"column":87},"end":{"line":18,"column":1}}},"1":{"name":"(anonymous_1)","decl":{"start":{"line":20,"column":42},"end":{"line":20,"column":47}},"loc":{"start":{"line":20,"column":75},"end":{"line":24,"column":1}}}},"branchMap":{"0":{"loc":{"start":{"line":8,"column":4},"end":{"line":12,"column":5}},"type":"if","locations":[{"start":{"line":8,"column":4},"end":{"line":12,"column":5}},{"start":{"line":10,"column":11},"end":{"line":12,"column":5}}]},"1":{"loc":{"start":{"line":10,"column":11},"end":{"line":12,"column":5}},"type":"if","locations":[{"start":{"line":10,"column":11},"end":{"line":12,"column":5}}]},"2":{"loc":{"start":{"line":21,"column":2},"end":{"line":21,"column":40}},"type":"if","locations":[{"start":{"line":21,"column":2},"end":{"line":21,"column":40}}]},"3":{"loc":{"start":{"line":21,"column":6},"end":{"line":21,"column":26}},"type":"binary-expr","locations":[{"start":{"line":21,"column":6},"end":{"line":21,"column":10}},{"start":{"line":21,"column":14},"end":{"line":21,"column":26}}]}},"s":{"0":1,"1":1,"2":5,"3":5,"4":4,"5":4,"6":1,"7":3,"8":2,"9":1,"10":1,"11":1,"12":1,"13":1,"14":3,"15":2,"16":1,"17":1,"18":1},"f":{"0":5,"1":3},"b":{"0":[1,3],"1":[2],"2":[2],"3":[3,2]}}
}
