{"C:\\Packsys\\NetBeansProjects\\graphql\\src\\modules\\users\\graphql\\users.resolvers.ts": {"path":"C:\\Packsys\\NetBeansProjects\\graphql\\src\\modules\\users\\graphql\\users.resolvers.ts","statementMap":{"0":{"start":{"line":1,"column":0},"end":{"line":1,"column":55}},"1":{"start":{"line":2,"column":0},"end":{"line":2,"column":103}},"2":{"start":{"line":3,"column":0},"end":{"line":3,"column":44}},"3":{"start":{"line":6,"column":23},"end":{"line":60,"column":null}},"4":{"start":{"line":9,"column":20},"end":{"line":9,"column":70}},"5":{"start":{"line":10,"column":23},"end":{"line":10,"column":53}},"6":{"start":{"line":10,"column":38},"end":{"line":10,"column":52}},"7":{"start":{"line":11,"column":6},"end":{"line":11,"column":22}},"8":{"start":{"line":14,"column":19},"end":{"line":14,"column":70}},"9":{"start":{"line":15,"column":6},"end":{"line":15,"column":31}},"10":{"start":{"line":18,"column":28},"end":{"line":18,"column":87}},"11":{"start":{"line":19,"column":6},"end":{"line":19,"column":27}},"12":{"start":{"line":22,"column":22},"end":{"line":22,"column":53}},"13":{"start":{"line":23,"column":6},"end":{"line":23,"column":null}},"14":{"start":{"line":28,"column":19},"end":{"line":28,"column":62}},"15":{"start":{"line":30,"column":6},"end":{"line":30,"column":null}},"16":{"start":{"line":32,"column":22},"end":{"line":32,"column":47}},"17":{"start":{"line":34,"column":6},"end":{"line":34,"column":82}},"18":{"start":{"line":36,"column":6},"end":{"line":36,"column":32}},"19":{"start":{"line":39,"column":22},"end":{"line":39,"column":66}},"20":{"start":{"line":41,"column":6},"end":{"line":41,"column":null}},"21":{"start":{"line":43,"column":6},"end":{"line":43,"column":21}},"22":{"start":{"line":46,"column":19},"end":{"line":46,"column":62}},"23":{"start":{"line":48,"column":6},"end":{"line":48,"column":null}},"24":{"start":{"line":50,"column":6},"end":{"line":50,"column":31}},"25":{"start":{"line":53,"column":6},"end":{"line":53,"column":null}},"26":{"start":{"line":56,"column":19},"end":{"line":56,"column":89}},"27":{"start":{"line":57,"column":6},"end":{"line":57,"column":31}},"28":{"start":{"line":62,"column":0},"end":{"line":62,"column":30}}},"fnMap":{"0":{"name":"(anonymous_1)","decl":{"start":{"line":8,"column":14},"end":{"line":8,"column":19}},"loc":{"start":{"line":8,"column":48},"end":{"line":12,"column":5}}},"1":{"name":"(anonymous_2)","decl":{"start":{"line":10,"column":33},"end":{"line":10,"column":34}},"loc":{"start":{"line":10,"column":38},"end":{"line":10,"column":52}}},"2":{"name":"(anonymous_3)","decl":{"start":{"line":13,"column":17},"end":{"line":13,"column":22}},"loc":{"start":{"line":13,"column":51},"end":{"line":16,"column":5}}},"3":{"name":"(anonymous_4)","decl":{"start":{"line":17,"column":23},"end":{"line":17,"column":28}},"loc":{"start":{"line":17,"column":57},"end":{"line":20,"column":5}}},"4":{"name":"(anonymous_5)","decl":{"start":{"line":21,"column":20},"end":{"line":21,"column":25}},"loc":{"start":{"line":21,"column":54},"end":{"line":24,"column":5}}},"5":{"name":"(anonymous_6)","decl":{"start":{"line":27,"column":16},"end":{"line":27,"column":21}},"loc":{"start":{"line":27,"column":50},"end":{"line":37,"column":5}}},"6":{"name":"(anonymous_7)","decl":{"start":{"line":38,"column":16},"end":{"line":38,"column":21}},"loc":{"start":{"line":38,"column":50},"end":{"line":44,"column":5}}},"7":{"name":"(anonymous_8)","decl":{"start":{"line":45,"column":16},"end":{"line":45,"column":21}},"loc":{"start":{"line":45,"column":50},"end":{"line":51,"column":5}}},"8":{"name":"(anonymous_9)","decl":{"start":{"line":52,"column":33},"end":{"line":52,"column":38}},"loc":{"start":{"line":52,"column":67},"end":{"line":54,"column":5}}},"9":{"name":"(anonymous_10)","decl":{"start":{"line":55,"column":33},"end":{"line":55,"column":38}},"loc":{"start":{"line":55,"column":67},"end":{"line":58,"column":5}}}},"branchMap":{},"s":{"0":2,"1":2,"2":2,"3":2,"4":1,"5":1,"6":0,"7":1,"8":1,"9":1,"10":1,"11":1,"12":1,"13":1,"14":1,"15":1,"16":1,"17":1,"18":1,"19":1,"20":1,"21":1,"22":1,"23":1,"24":1,"25":1,"26":1,"27":1,"28":2},"f":{"0":1,"1":0,"2":1,"3":1,"4":1,"5":1,"6":1,"7":1,"8":1,"9":1},"b":{}}
}
